<?xml version="1.0" ?>
<coverage version="7.12.0" timestamp="1763515734290" lines-valid="16696" lines-covered="189" line-rate="0.01132" branches-covered="0" branches-valid="0" branch-rate="0" complexity="0">
	<!-- Generated by coverage.py: https://coverage.readthedocs.io/en/7.12.0 -->
	<!-- Based on https://raw.githubusercontent.com/cobertura/web/master/htdocs/xml/coverage-04.dtd -->
	<sources>
		<source>/home/josh_patheal/projects/survey-data-system</source>
	</sources>
	<packages>
		<package name="." line-rate="0.0007998" branch-rate="0" complexity="0">
			<classes>
				<class name="API_ENDPOINTS_TO_ADD.py" filename="API_ENDPOINTS_TO_ADD.py" complexity="0" line-rate="0" branch-rate="0">
					<methods/>
					<lines>
						<line number="9" hits="0"/>
						<line number="28" hits="0"/>
						<line number="29" hits="0"/>
						<line number="31" hits="0"/>
						<line number="32" hits="0"/>
						<line number="39" hits="0"/>
						<line number="41" hits="0"/>
						<line number="42" hits="0"/>
						<line number="43" hits="0"/>
						<line number="44" hits="0"/>
						<line number="47" hits="0"/>
						<line number="48" hits="0"/>
						<line number="50" hits="0"/>
						<line number="51" hits="0"/>
						<line number="52" hits="0"/>
						<line number="53" hits="0"/>
						<line number="54" hits="0"/>
						<line number="55" hits="0"/>
						<line number="56" hits="0"/>
						<line number="59" hits="0"/>
						<line number="60" hits="0"/>
						<line number="62" hits="0"/>
						<line number="63" hits="0"/>
						<line number="64" hits="0"/>
						<line number="65" hits="0"/>
						<line number="66" hits="0"/>
						<line number="67" hits="0"/>
						<line number="70" hits="0"/>
						<line number="71" hits="0"/>
						<line number="73" hits="0"/>
						<line number="74" hits="0"/>
						<line number="76" hits="0"/>
						<line number="77" hits="0"/>
						<line number="79" hits="0"/>
						<line number="81" hits="0"/>
						<line number="82" hits="0"/>
						<line number="83" hits="0"/>
						<line number="86" hits="0"/>
						<line number="87" hits="0"/>
						<line number="89" hits="0"/>
						<line number="90" hits="0"/>
						<line number="91" hits="0"/>
						<line number="92" hits="0"/>
						<line number="93" hits="0"/>
						<line number="96" hits="0"/>
						<line number="97" hits="0"/>
						<line number="99" hits="0"/>
						<line number="100" hits="0"/>
						<line number="101" hits="0"/>
						<line number="102" hits="0"/>
						<line number="103" hits="0"/>
						<line number="104" hits="0"/>
						<line number="107" hits="0"/>
						<line number="108" hits="0"/>
						<line number="110" hits="0"/>
						<line number="111" hits="0"/>
						<line number="112" hits="0"/>
						<line number="114" hits="0"/>
						<line number="115" hits="0"/>
						<line number="117" hits="0"/>
						<line number="118" hits="0"/>
						<line number="119" hits="0"/>
						<line number="120" hits="0"/>
						<line number="123" hits="0"/>
						<line number="124" hits="0"/>
						<line number="126" hits="0"/>
						<line number="127" hits="0"/>
						<line number="128" hits="0"/>
						<line number="129" hits="0"/>
						<line number="130" hits="0"/>
						<line number="137" hits="0"/>
						<line number="138" hits="0"/>
						<line number="140" hits="0"/>
						<line number="141" hits="0"/>
						<line number="142" hits="0"/>
						<line number="143" hits="0"/>
						<line number="144" hits="0"/>
						<line number="146" hits="0"/>
						<line number="147" hits="0"/>
						<line number="148" hits="0"/>
						<line number="149" hits="0"/>
						<line number="150" hits="0"/>
						<line number="151" hits="0"/>
						<line number="157" hits="0"/>
						<line number="158" hits="0"/>
						<line number="160" hits="0"/>
						<line number="162" hits="0"/>
						<line number="163" hits="0"/>
						<line number="164" hits="0"/>
						<line number="167" hits="0"/>
						<line number="168" hits="0"/>
						<line number="170" hits="0"/>
						<line number="171" hits="0"/>
						<line number="172" hits="0"/>
						<line number="173" hits="0"/>
						<line number="174" hits="0"/>
						<line number="175" hits="0"/>
						<line number="176" hits="0"/>
						<line number="179" hits="0"/>
						<line number="180" hits="0"/>
						<line number="182" hits="0"/>
						<line number="183" hits="0"/>
						<line number="184" hits="0"/>
						<line number="185" hits="0"/>
						<line number="188" hits="0"/>
						<line number="189" hits="0"/>
						<line number="190" hits="0"/>
						<line number="191" hits="0"/>
						<line number="193" hits="0"/>
						<line number="194" hits="0"/>
						<line number="195" hits="0"/>
						<line number="196" hits="0"/>
						<line number="199" hits="0"/>
						<line number="200" hits="0"/>
						<line number="202" hits="0"/>
						<line number="203" hits="0"/>
						<line number="204" hits="0"/>
						<line number="205" hits="0"/>
						<line number="207" hits="0"/>
						<line number="208" hits="0"/>
						<line number="209" hits="0"/>
						<line number="210" hits="0"/>
						<line number="211" hits="0"/>
						<line number="212" hits="0"/>
						<line number="215" hits="0"/>
						<line number="216" hits="0"/>
						<line number="218" hits="0"/>
						<line number="219" hits="0"/>
						<line number="220" hits="0"/>
						<line number="222" hits="0"/>
						<line number="223" hits="0"/>
						<line number="224" hits="0"/>
						<line number="225" hits="0"/>
						<line number="226" hits="0"/>
						<line number="229" hits="0"/>
						<line number="230" hits="0"/>
						<line number="232" hits="0"/>
						<line number="233" hits="0"/>
						<line number="234" hits="0"/>
						<line number="235" hits="0"/>
						<line number="237" hits="0"/>
						<line number="238" hits="0"/>
						<line number="239" hits="0"/>
						<line number="240" hits="0"/>
						<line number="243" hits="0"/>
						<line number="244" hits="0"/>
						<line number="246" hits="0"/>
						<line number="247" hits="0"/>
						<line number="248" hits="0"/>
						<line number="249" hits="0"/>
						<line number="250" hits="0"/>
						<line number="251" hits="0"/>
						<line number="258" hits="0"/>
						<line number="259" hits="0"/>
						<line number="261" hits="0"/>
						<line number="262" hits="0"/>
						<line number="267" hits="0"/>
						<line number="269" hits="0"/>
						<line number="270" hits="0"/>
						<line number="271" hits="0"/>
						<line number="272" hits="0"/>
						<line number="275" hits="0"/>
						<line number="276" hits="0"/>
						<line number="278" hits="0"/>
						<line number="279" hits="0"/>
						<line number="280" hits="0"/>
						<line number="281" hits="0"/>
						<line number="282" hits="0"/>
						<line number="283" hits="0"/>
						<line number="284" hits="0"/>
						<line number="287" hits="0"/>
						<line number="288" hits="0"/>
						<line number="290" hits="0"/>
						<line number="291" hits="0"/>
						<line number="292" hits="0"/>
						<line number="293" hits="0"/>
						<line number="296" hits="0"/>
						<line number="297" hits="0"/>
						<line number="298" hits="0"/>
						<line number="299" hits="0"/>
						<line number="301" hits="0"/>
						<line number="302" hits="0"/>
						<line number="303" hits="0"/>
						<line number="304" hits="0"/>
						<line number="307" hits="0"/>
						<line number="308" hits="0"/>
						<line number="310" hits="0"/>
						<line number="311" hits="0"/>
						<line number="312" hits="0"/>
						<line number="313" hits="0"/>
						<line number="315" hits="0"/>
						<line number="316" hits="0"/>
						<line number="317" hits="0"/>
						<line number="318" hits="0"/>
						<line number="319" hits="0"/>
						<line number="320" hits="0"/>
						<line number="323" hits="0"/>
						<line number="324" hits="0"/>
						<line number="326" hits="0"/>
						<line number="327" hits="0"/>
						<line number="328" hits="0"/>
						<line number="329" hits="0"/>
						<line number="330" hits="0"/>
						<line number="331" hits="0"/>
						<line number="332" hits="0"/>
						<line number="335" hits="0"/>
						<line number="336" hits="0"/>
						<line number="338" hits="0"/>
						<line number="339" hits="0"/>
						<line number="340" hits="0"/>
						<line number="341" hits="0"/>
						<line number="343" hits="0"/>
						<line number="344" hits="0"/>
						<line number="346" hits="0"/>
						<line number="347" hits="0"/>
						<line number="349" hits="0"/>
						<line number="350" hits="0"/>
						<line number="351" hits="0"/>
						<line number="352" hits="0"/>
						<line number="355" hits="0"/>
						<line number="356" hits="0"/>
						<line number="358" hits="0"/>
						<line number="359" hits="0"/>
						<line number="360" hits="0"/>
						<line number="361" hits="0"/>
						<line number="362" hits="0"/>
						<line number="363" hits="0"/>
						<line number="366" hits="0"/>
						<line number="367" hits="0"/>
						<line number="369" hits="0"/>
						<line number="370" hits="0"/>
						<line number="371" hits="0"/>
						<line number="372" hits="0"/>
						<line number="373" hits="0"/>
						<line number="380" hits="0"/>
						<line number="381" hits="0"/>
						<line number="383" hits="0"/>
						<line number="384" hits="0"/>
						<line number="385" hits="0"/>
						<line number="386" hits="0"/>
						<line number="387" hits="0"/>
						<line number="388" hits="0"/>
						<line number="391" hits="0"/>
						<line number="392" hits="0"/>
						<line number="394" hits="0"/>
						<line number="395" hits="0"/>
						<line number="396" hits="0"/>
						<line number="397" hits="0"/>
						<line number="398" hits="0"/>
						<line number="399" hits="0"/>
						<line number="400" hits="0"/>
						<line number="403" hits="0"/>
						<line number="404" hits="0"/>
						<line number="406" hits="0"/>
						<line number="407" hits="0"/>
						<line number="408" hits="0"/>
						<line number="409" hits="0"/>
						<line number="412" hits="0"/>
						<line number="413" hits="0"/>
						<line number="414" hits="0"/>
						<line number="415" hits="0"/>
						<line number="417" hits="0"/>
						<line number="418" hits="0"/>
						<line number="420" hits="0"/>
						<line number="421" hits="0"/>
						<line number="422" hits="0"/>
						<line number="423" hits="0"/>
						<line number="426" hits="0"/>
						<line number="427" hits="0"/>
						<line number="429" hits="0"/>
						<line number="430" hits="0"/>
						<line number="431" hits="0"/>
						<line number="432" hits="0"/>
						<line number="434" hits="0"/>
						<line number="435" hits="0"/>
						<line number="436" hits="0"/>
						<line number="437" hits="0"/>
						<line number="438" hits="0"/>
						<line number="439" hits="0"/>
						<line number="442" hits="0"/>
						<line number="443" hits="0"/>
						<line number="445" hits="0"/>
						<line number="446" hits="0"/>
						<line number="447" hits="0"/>
						<line number="448" hits="0"/>
						<line number="449" hits="0"/>
						<line number="450" hits="0"/>
						<line number="451" hits="0"/>
						<line number="454" hits="0"/>
						<line number="455" hits="0"/>
						<line number="457" hits="0"/>
						<line number="458" hits="0"/>
						<line number="459" hits="0"/>
						<line number="460" hits="0"/>
						<line number="462" hits="0"/>
						<line number="463" hits="0"/>
						<line number="464" hits="0"/>
						<line number="465" hits="0"/>
						<line number="467" hits="0"/>
						<line number="468" hits="0"/>
						<line number="470" hits="0"/>
						<line number="475" hits="0"/>
						<line number="476" hits="0"/>
						<line number="477" hits="0"/>
						<line number="482" hits="0"/>
						<line number="483" hits="0"/>
						<line number="484" hits="0"/>
						<line number="487" hits="0"/>
						<line number="488" hits="0"/>
						<line number="490" hits="0"/>
						<line number="491" hits="0"/>
						<line number="492" hits="0"/>
						<line number="494" hits="0"/>
						<line number="495" hits="0"/>
						<line number="496" hits="0"/>
						<line number="497" hits="0"/>
						<line number="500" hits="0"/>
						<line number="501" hits="0"/>
						<line number="503" hits="0"/>
						<line number="504" hits="0"/>
						<line number="505" hits="0"/>
						<line number="506" hits="0"/>
						<line number="508" hits="0"/>
						<line number="509" hits="0"/>
						<line number="511" hits="0"/>
						<line number="512" hits="0"/>
						<line number="513" hits="0"/>
						<line number="514" hits="0"/>
						<line number="517" hits="0"/>
						<line number="518" hits="0"/>
						<line number="520" hits="0"/>
						<line number="521" hits="0"/>
						<line number="522" hits="0"/>
						<line number="523" hits="0"/>
						<line number="525" hits="0"/>
						<line number="529" hits="0"/>
						<line number="530" hits="0"/>
						<line number="531" hits="0"/>
						<line number="538" hits="0"/>
						<line number="539" hits="0"/>
						<line number="541" hits="0"/>
						<line number="542" hits="0"/>
						<line number="543" hits="0"/>
						<line number="544" hits="0"/>
						<line number="546" hits="0"/>
						<line number="547" hits="0"/>
						<line number="548" hits="0"/>
						<line number="549" hits="0"/>
						<line number="552" hits="0"/>
						<line number="553" hits="0"/>
						<line number="555" hits="0"/>
						<line number="556" hits="0"/>
						<line number="557" hits="0"/>
						<line number="558" hits="0"/>
						<line number="559" hits="0"/>
						<line number="560" hits="0"/>
					</lines>
				</class>
				<class name="app.py" filename="app.py" complexity="0" line-rate="0" branch-rate="0">
					<methods/>
					<lines>
						<line number="15" hits="0"/>
						<line number="17" hits="0"/>
						<line number="18" hits="0"/>
						<line number="20" hits="0"/>
						<line number="21" hits="0"/>
						<line number="24" hits="0"/>
						<line number="29" hits="0"/>
						<line number="30" hits="0"/>
						<line number="31" hits="0"/>
						<line number="32" hits="0"/>
						<line number="33" hits="0"/>
						<line number="34" hits="0"/>
						<line number="35" hits="0"/>
						<line number="36" hits="0"/>
						<line number="37" hits="0"/>
						<line number="38" hits="0"/>
						<line number="39" hits="0"/>
						<line number="40" hits="0"/>
						<line number="41" hits="0"/>
						<line number="42" hits="0"/>
						<line number="43" hits="0"/>
						<line number="44" hits="0"/>
						<line number="45" hits="0"/>
						<line number="46" hits="0"/>
						<line number="47" hits="0"/>
						<line number="48" hits="0"/>
						<line number="49" hits="0"/>
						<line number="50" hits="0"/>
						<line number="51" hits="0"/>
						<line number="52" hits="0"/>
						<line number="53" hits="0"/>
						<line number="54" hits="0"/>
						<line number="60" hits="0"/>
						<line number="65" hits="0"/>
						<line number="67" hits="0"/>
						<line number="79" hits="0"/>
						<line number="84" hits="0"/>
						<line number="85" hits="0"/>
						<line number="87" hits="0"/>
						<line number="92" hits="0"/>
						<line number="104" hits="0"/>
						<line number="105" hits="0"/>
						<line number="107" hits="0"/>
						<line number="109" hits="0"/>
						<line number="110" hits="0"/>
						<line number="112" hits="0"/>
						<line number="114" hits="0"/>
						<line number="115" hits="0"/>
						<line number="117" hits="0"/>
						<line number="119" hits="0"/>
						<line number="120" hits="0"/>
						<line number="122" hits="0"/>
						<line number="124" hits="0"/>
						<line number="125" hits="0"/>
						<line number="127" hits="0"/>
						<line number="129" hits="0"/>
						<line number="130" hits="0"/>
						<line number="132" hits="0"/>
						<line number="134" hits="0"/>
						<line number="135" hits="0"/>
						<line number="137" hits="0"/>
						<line number="139" hits="0"/>
						<line number="140" hits="0"/>
						<line number="142" hits="0"/>
						<line number="144" hits="0"/>
						<line number="145" hits="0"/>
						<line number="147" hits="0"/>
						<line number="149" hits="0"/>
						<line number="150" hits="0"/>
						<line number="152" hits="0"/>
						<line number="154" hits="0"/>
						<line number="155" hits="0"/>
						<line number="157" hits="0"/>
						<line number="159" hits="0"/>
						<line number="160" hits="0"/>
						<line number="162" hits="0"/>
						<line number="168" hits="0"/>
						<line number="169" hits="0"/>
						<line number="171" hits="0"/>
						<line number="173" hits="0"/>
						<line number="174" hits="0"/>
						<line number="176" hits="0"/>
						<line number="178" hits="0"/>
						<line number="179" hits="0"/>
						<line number="181" hits="0"/>
						<line number="183" hits="0"/>
						<line number="184" hits="0"/>
						<line number="186" hits="0"/>
						<line number="188" hits="0"/>
						<line number="189" hits="0"/>
						<line number="191" hits="0"/>
						<line number="193" hits="0"/>
						<line number="194" hits="0"/>
						<line number="196" hits="0"/>
						<line number="198" hits="0"/>
						<line number="199" hits="0"/>
						<line number="201" hits="0"/>
						<line number="203" hits="0"/>
						<line number="204" hits="0"/>
						<line number="206" hits="0"/>
						<line number="208" hits="0"/>
						<line number="209" hits="0"/>
						<line number="211" hits="0"/>
						<line number="213" hits="0"/>
						<line number="214" hits="0"/>
						<line number="216" hits="0"/>
						<line number="218" hits="0"/>
						<line number="219" hits="0"/>
						<line number="221" hits="0"/>
						<line number="223" hits="0"/>
						<line number="224" hits="0"/>
						<line number="226" hits="0"/>
						<line number="228" hits="0"/>
						<line number="229" hits="0"/>
						<line number="231" hits="0"/>
						<line number="233" hits="0"/>
						<line number="234" hits="0"/>
						<line number="236" hits="0"/>
						<line number="238" hits="0"/>
						<line number="239" hits="0"/>
						<line number="241" hits="0"/>
						<line number="243" hits="0"/>
						<line number="244" hits="0"/>
						<line number="246" hits="0"/>
						<line number="248" hits="0"/>
						<line number="249" hits="0"/>
						<line number="251" hits="0"/>
						<line number="253" hits="0"/>
						<line number="254" hits="0"/>
						<line number="256" hits="0"/>
						<line number="258" hits="0"/>
						<line number="259" hits="0"/>
						<line number="265" hits="0"/>
						<line number="267" hits="0"/>
						<line number="268" hits="0"/>
						<line number="270" hits="0"/>
						<line number="272" hits="0"/>
						<line number="273" hits="0"/>
						<line number="275" hits="0"/>
						<line number="277" hits="0"/>
						<line number="278" hits="0"/>
						<line number="280" hits="0"/>
						<line number="281" hits="0"/>
						<line number="283" hits="0"/>
						<line number="284" hits="0"/>
						<line number="286" hits="0"/>
						<line number="291" hits="0"/>
						<line number="292" hits="0"/>
						<line number="293" hits="0"/>
						<line number="294" hits="0"/>
						<line number="295" hits="0"/>
						<line number="297" hits="0"/>
						<line number="298" hits="0"/>
						<line number="300" hits="0"/>
						<line number="301" hits="0"/>
						<line number="303" hits="0"/>
						<line number="304" hits="0"/>
						<line number="305" hits="0"/>
						<line number="307" hits="0"/>
						<line number="308" hits="0"/>
						<line number="311" hits="0"/>
						<line number="314" hits="0"/>
						<line number="316" hits="0"/>
						<line number="325" hits="0"/>
						<line number="326" hits="0"/>
						<line number="327" hits="0"/>
						<line number="328" hits="0"/>
						<line number="329" hits="0"/>
						<line number="331" hits="0"/>
						<line number="332" hits="0"/>
						<line number="334" hits="0"/>
						<line number="335" hits="0"/>
						<line number="337" hits="0"/>
						<line number="338" hits="0"/>
						<line number="340" hits="0"/>
						<line number="346" hits="0"/>
						<line number="347" hits="0"/>
						<line number="348" hits="0"/>
						<line number="350" hits="0"/>
						<line number="351" hits="0"/>
						<line number="353" hits="0"/>
						<line number="355" hits="0"/>
						<line number="356" hits="0"/>
						<line number="358" hits="0"/>
						<line number="360" hits="0"/>
						<line number="361" hits="0"/>
						<line number="363" hits="0"/>
						<line number="365" hits="0"/>
						<line number="366" hits="0"/>
						<line number="368" hits="0"/>
						<line number="370" hits="0"/>
						<line number="371" hits="0"/>
						<line number="373" hits="0"/>
						<line number="375" hits="0"/>
						<line number="376" hits="0"/>
						<line number="378" hits="0"/>
						<line number="380" hits="0"/>
						<line number="381" hits="0"/>
						<line number="383" hits="0"/>
						<line number="385" hits="0"/>
						<line number="386" hits="0"/>
						<line number="388" hits="0"/>
						<line number="390" hits="0"/>
						<line number="391" hits="0"/>
						<line number="393" hits="0"/>
						<line number="395" hits="0"/>
						<line number="396" hits="0"/>
						<line number="398" hits="0"/>
						<line number="400" hits="0"/>
						<line number="401" hits="0"/>
						<line number="403" hits="0"/>
						<line number="405" hits="0"/>
						<line number="406" hits="0"/>
						<line number="408" hits="0"/>
						<line number="414" hits="0"/>
						<line number="415" hits="0"/>
						<line number="417" hits="0"/>
						<line number="419" hits="0"/>
						<line number="420" hits="0"/>
						<line number="422" hits="0"/>
						<line number="424" hits="0"/>
						<line number="425" hits="0"/>
						<line number="427" hits="0"/>
						<line number="429" hits="0"/>
						<line number="430" hits="0"/>
						<line number="432" hits="0"/>
						<line number="434" hits="0"/>
						<line number="435" hits="0"/>
						<line number="437" hits="0"/>
						<line number="439" hits="0"/>
						<line number="440" hits="0"/>
						<line number="442" hits="0"/>
						<line number="444" hits="0"/>
						<line number="445" hits="0"/>
						<line number="447" hits="0"/>
						<line number="449" hits="0"/>
						<line number="450" hits="0"/>
						<line number="452" hits="0"/>
						<line number="454" hits="0"/>
						<line number="455" hits="0"/>
						<line number="457" hits="0"/>
						<line number="459" hits="0"/>
						<line number="460" hits="0"/>
						<line number="462" hits="0"/>
						<line number="464" hits="0"/>
						<line number="465" hits="0"/>
						<line number="467" hits="0"/>
						<line number="469" hits="0"/>
						<line number="470" hits="0"/>
						<line number="472" hits="0"/>
						<line number="474" hits="0"/>
						<line number="475" hits="0"/>
						<line number="477" hits="0"/>
						<line number="479" hits="0"/>
						<line number="480" hits="0"/>
						<line number="482" hits="0"/>
						<line number="484" hits="0"/>
						<line number="485" hits="0"/>
						<line number="487" hits="0"/>
						<line number="489" hits="0"/>
						<line number="490" hits="0"/>
						<line number="492" hits="0"/>
						<line number="494" hits="0"/>
						<line number="495" hits="0"/>
						<line number="497" hits="0"/>
						<line number="499" hits="0"/>
						<line number="500" hits="0"/>
						<line number="502" hits="0"/>
						<line number="504" hits="0"/>
						<line number="505" hits="0"/>
						<line number="507" hits="0"/>
						<line number="509" hits="0"/>
						<line number="510" hits="0"/>
						<line number="512" hits="0"/>
						<line number="514" hits="0"/>
						<line number="515" hits="0"/>
						<line number="517" hits="0"/>
						<line number="519" hits="0"/>
						<line number="520" hits="0"/>
						<line number="522" hits="0"/>
						<line number="524" hits="0"/>
						<line number="525" hits="0"/>
						<line number="527" hits="0"/>
						<line number="529" hits="0"/>
						<line number="530" hits="0"/>
						<line number="532" hits="0"/>
						<line number="534" hits="0"/>
						<line number="535" hits="0"/>
						<line number="537" hits="0"/>
						<line number="539" hits="0"/>
						<line number="540" hits="0"/>
						<line number="542" hits="0"/>
						<line number="548" hits="0"/>
						<line number="549" hits="0"/>
						<line number="551" hits="0"/>
						<line number="552" hits="0"/>
						<line number="553" hits="0"/>
						<line number="554" hits="0"/>
						<line number="555" hits="0"/>
						<line number="556" hits="0"/>
						<line number="560" hits="0"/>
						<line number="561" hits="0"/>
						<line number="566" hits="0"/>
						<line number="567" hits="0"/>
						<line number="569" hits="0"/>
						<line number="570" hits="0"/>
						<line number="572" hits="0"/>
						<line number="573" hits="0"/>
						<line number="577" hits="0"/>
						<line number="582" hits="0"/>
						<line number="584" hits="0"/>
						<line number="585" hits="0"/>
						<line number="586" hits="0"/>
						<line number="591" hits="0"/>
						<line number="593" hits="0"/>
						<line number="596" hits="0"/>
						<line number="597" hits="0"/>
						<line number="599" hits="0"/>
						<line number="600" hits="0"/>
						<line number="602" hits="0"/>
						<line number="603" hits="0"/>
						<line number="605" hits="0"/>
						<line number="606" hits="0"/>
						<line number="608" hits="0"/>
						<line number="610" hits="0"/>
						<line number="611" hits="0"/>
						<line number="612" hits="0"/>
						<line number="618" hits="0"/>
						<line number="623" hits="0"/>
						<line number="624" hits="0"/>
						<line number="626" hits="0"/>
						<line number="628" hits="0"/>
						<line number="632" hits="0"/>
						<line number="633" hits="0"/>
						<line number="635" hits="0"/>
						<line number="636" hits="0"/>
						<line number="638" hits="0"/>
						<line number="639" hits="0"/>
						<line number="650" hits="0"/>
						<line number="653" hits="0"/>
						<line number="654" hits="0"/>
						<line number="655" hits="0"/>
						<line number="656" hits="0"/>
						<line number="657" hits="0"/>
						<line number="658" hits="0"/>
						<line number="666" hits="0"/>
						<line number="667" hits="0"/>
						<line number="668" hits="0"/>
						<line number="669" hits="0"/>
						<line number="670" hits="0"/>
						<line number="671" hits="0"/>
						<line number="672" hits="0"/>
						<line number="674" hits="0"/>
						<line number="678" hits="0"/>
						<line number="679" hits="0"/>
						<line number="681" hits="0"/>
						<line number="682" hits="0"/>
						<line number="684" hits="0"/>
						<line number="685" hits="0"/>
						<line number="686" hits="0"/>
						<line number="687" hits="0"/>
						<line number="688" hits="0"/>
						<line number="689" hits="0"/>
						<line number="690" hits="0"/>
						<line number="692" hits="0"/>
						<line number="693" hits="0"/>
						<line number="695" hits="0"/>
						<line number="696" hits="0"/>
						<line number="701" hits="0"/>
						<line number="702" hits="0"/>
						<line number="703" hits="0"/>
						<line number="704" hits="0"/>
						<line number="706" hits="0"/>
						<line number="707" hits="0"/>
						<line number="709" hits="0"/>
						<line number="710" hits="0"/>
						<line number="711" hits="0"/>
						<line number="712" hits="0"/>
						<line number="714" hits="0"/>
						<line number="715" hits="0"/>
						<line number="716" hits="0"/>
						<line number="717" hits="0"/>
						<line number="718" hits="0"/>
						<line number="719" hits="0"/>
						<line number="721" hits="0"/>
						<line number="722" hits="0"/>
						<line number="725" hits="0"/>
						<line number="726" hits="0"/>
						<line number="727" hits="0"/>
						<line number="728" hits="0"/>
						<line number="729" hits="0"/>
						<line number="730" hits="0"/>
						<line number="732" hits="0"/>
						<line number="733" hits="0"/>
						<line number="735" hits="0"/>
						<line number="736" hits="0"/>
						<line number="740" hits="0"/>
						<line number="741" hits="0"/>
						<line number="742" hits="0"/>
						<line number="744" hits="0"/>
						<line number="756" hits="0"/>
						<line number="757" hits="0"/>
						<line number="759" hits="0"/>
						<line number="768" hits="0"/>
						<line number="769" hits="0"/>
						<line number="771" hits="0"/>
						<line number="772" hits="0"/>
						<line number="774" hits="0"/>
						<line number="775" hits="0"/>
						<line number="776" hits="0"/>
						<line number="778" hits="0"/>
						<line number="779" hits="0"/>
						<line number="780" hits="0"/>
						<line number="781" hits="0"/>
						<line number="782" hits="0"/>
						<line number="784" hits="0"/>
						<line number="785" hits="0"/>
						<line number="787" hits="0"/>
						<line number="788" hits="0"/>
						<line number="796" hits="0"/>
						<line number="798" hits="0"/>
						<line number="799" hits="0"/>
						<line number="801" hits="0"/>
						<line number="802" hits="0"/>
						<line number="803" hits="0"/>
						<line number="805" hits="0"/>
						<line number="806" hits="0"/>
						<line number="807" hits="0"/>
						<line number="809" hits="0"/>
						<line number="810" hits="0"/>
						<line number="812" hits="0"/>
						<line number="814" hits="0"/>
						<line number="815" hits="0"/>
						<line number="816" hits="0"/>
						<line number="819" hits="0"/>
						<line number="820" hits="0"/>
						<line number="822" hits="0"/>
						<line number="823" hits="0"/>
						<line number="824" hits="0"/>
						<line number="826" hits="0"/>
						<line number="827" hits="0"/>
						<line number="828" hits="0"/>
						<line number="829" hits="0"/>
						<line number="831" hits="0"/>
						<line number="832" hits="0"/>
						<line number="833" hits="0"/>
						<line number="835" hits="0"/>
						<line number="837" hits="0"/>
						<line number="859" hits="0"/>
						<line number="860" hits="0"/>
						<line number="865" hits="0"/>
						<line number="866" hits="0"/>
						<line number="868" hits="0"/>
						<line number="869" hits="0"/>
						<line number="871" hits="0"/>
						<line number="872" hits="0"/>
						<line number="873" hits="0"/>
						<line number="874" hits="0"/>
						<line number="876" hits="0"/>
						<line number="877" hits="0"/>
						<line number="878" hits="0"/>
						<line number="881" hits="0"/>
						<line number="882" hits="0"/>
						<line number="883" hits="0"/>
						<line number="893" hits="0"/>
						<line number="894" hits="0"/>
						<line number="896" hits="0"/>
						<line number="902" hits="0"/>
						<line number="903" hits="0"/>
						<line number="905" hits="0"/>
						<line number="906" hits="0"/>
						<line number="908" hits="0"/>
						<line number="909" hits="0"/>
						<line number="910" hits="0"/>
						<line number="911" hits="0"/>
						<line number="913" hits="0"/>
						<line number="914" hits="0"/>
						<line number="915" hits="0"/>
						<line number="916" hits="0"/>
						<line number="917" hits="0"/>
						<line number="918" hits="0"/>
						<line number="920" hits="0"/>
						<line number="921" hits="0"/>
						<line number="923" hits="0"/>
						<line number="924" hits="0"/>
						<line number="925" hits="0"/>
						<line number="926" hits="0"/>
						<line number="930" hits="0"/>
						<line number="931" hits="0"/>
						<line number="932" hits="0"/>
						<line number="934" hits="0"/>
						<line number="951" hits="0"/>
						<line number="952" hits="0"/>
						<line number="953" hits="0"/>
						<line number="954" hits="0"/>
						<line number="956" hits="0"/>
						<line number="965" hits="0"/>
						<line number="966" hits="0"/>
						<line number="968" hits="0"/>
						<line number="969" hits="0"/>
						<line number="971" hits="0"/>
						<line number="973" hits="0"/>
						<line number="977" hits="0"/>
						<line number="978" hits="0"/>
						<line number="982" hits="0"/>
						<line number="1002" hits="0"/>
						<line number="1005" hits="0"/>
						<line number="1006" hits="0"/>
						<line number="1015" hits="0"/>
						<line number="1019" hits="0"/>
						<line number="1048" hits="0"/>
						<line number="1051" hits="0"/>
						<line number="1052" hits="0"/>
						<line number="1053" hits="0"/>
						<line number="1063" hits="0"/>
						<line number="1080" hits="0"/>
						<line number="1081" hits="0"/>
						<line number="1083" hits="0"/>
						<line number="1084" hits="0"/>
						<line number="1086" hits="0"/>
						<line number="1087" hits="0"/>
						<line number="1091" hits="0"/>
						<line number="1092" hits="0"/>
						<line number="1094" hits="0"/>
						<line number="1097" hits="0"/>
						<line number="1119" hits="0"/>
						<line number="1120" hits="0"/>
						<line number="1121" hits="0"/>
						<line number="1136" hits="0"/>
						<line number="1156" hits="0"/>
						<line number="1157" hits="0"/>
						<line number="1158" hits="0"/>
						<line number="1171" hits="0"/>
						<line number="1191" hits="0"/>
						<line number="1192" hits="0"/>
						<line number="1193" hits="0"/>
						<line number="1206" hits="0"/>
						<line number="1226" hits="0"/>
						<line number="1227" hits="0"/>
						<line number="1228" hits="0"/>
						<line number="1241" hits="0"/>
						<line number="1260" hits="0"/>
						<line number="1261" hits="0"/>
						<line number="1262" hits="0"/>
						<line number="1274" hits="0"/>
						<line number="1296" hits="0"/>
						<line number="1297" hits="0"/>
						<line number="1298" hits="0"/>
						<line number="1313" hits="0"/>
						<line number="1314" hits="0"/>
						<line number="1315" hits="0"/>
						<line number="1316" hits="0"/>
						<line number="1317" hits="0"/>
						<line number="1318" hits="0"/>
						<line number="1321" hits="0"/>
						<line number="1333" hits="0"/>
						<line number="1339" hits="0"/>
						<line number="1341" hits="0"/>
						<line number="1343" hits="0"/>
						<line number="1344" hits="0"/>
						<line number="1345" hits="0"/>
						<line number="1346" hits="0"/>
						<line number="1347" hits="0"/>
						<line number="1349" hits="0"/>
						<line number="1350" hits="0"/>
						<line number="1352" hits="0"/>
						<line number="1353" hits="0"/>
						<line number="1357" hits="0"/>
						<line number="1358" hits="0"/>
						<line number="1361" hits="0"/>
						<line number="1380" hits="0"/>
						<line number="1383" hits="0"/>
						<line number="1384" hits="0"/>
						<line number="1393" hits="0"/>
						<line number="1396" hits="0"/>
						<line number="1420" hits="0"/>
						<line number="1423" hits="0"/>
						<line number="1424" hits="0"/>
						<line number="1425" hits="0"/>
						<line number="1429" hits="0"/>
						<line number="1430" hits="0"/>
						<line number="1431" hits="0"/>
						<line number="1432" hits="0"/>
						<line number="1433" hits="0"/>
						<line number="1434" hits="0"/>
						<line number="1437" hits="0"/>
						<line number="1438" hits="0"/>
						<line number="1439" hits="0"/>
						<line number="1440" hits="0"/>
						<line number="1442" hits="0"/>
						<line number="1443" hits="0"/>
						<line number="1453" hits="0"/>
						<line number="1456" hits="0"/>
						<line number="1467" hits="0"/>
						<line number="1468" hits="0"/>
						<line number="1470" hits="0"/>
						<line number="1472" hits="0"/>
						<line number="1474" hits="0"/>
						<line number="1489" hits="0"/>
						<line number="1491" hits="0"/>
						<line number="1506" hits="0"/>
						<line number="1507" hits="0"/>
						<line number="1508" hits="0"/>
						<line number="1509" hits="0"/>
						<line number="1510" hits="0"/>
						<line number="1512" hits="0"/>
						<line number="1513" hits="0"/>
						<line number="1515" hits="0"/>
						<line number="1517" hits="0"/>
						<line number="1521" hits="0"/>
						<line number="1522" hits="0"/>
						<line number="1525" hits="0"/>
						<line number="1530" hits="0"/>
						<line number="1533" hits="0"/>
						<line number="1561" hits="0"/>
						<line number="1564" hits="0"/>
						<line number="1570" hits="0"/>
						<line number="1574" hits="0"/>
						<line number="1575" hits="0"/>
						<line number="1576" hits="0"/>
						<line number="1593" hits="0"/>
						<line number="1597" hits="0"/>
						<line number="1598" hits="0"/>
						<line number="1599" hits="0"/>
						<line number="1600" hits="0"/>
						<line number="1603" hits="0"/>
						<line number="1604" hits="0"/>
						<line number="1605" hits="0"/>
						<line number="1624" hits="0"/>
						<line number="1626" hits="0"/>
						<line number="1627" hits="0"/>
						<line number="1628" hits="0"/>
						<line number="1636" hits="0"/>
						<line number="1641" hits="0"/>
						<line number="1643" hits="0"/>
						<line number="1676" hits="0"/>
						<line number="1677" hits="0"/>
						<line number="1679" hits="0"/>
						<line number="1680" hits="0"/>
						<line number="1685" hits="0"/>
						<line number="1687" hits="0"/>
						<line number="1702" hits="0"/>
						<line number="1703" hits="0"/>
						<line number="1704" hits="0"/>
						<line number="1706" hits="0"/>
						<line number="1709" hits="0"/>
						<line number="1737" hits="0"/>
						<line number="1739" hits="0"/>
						<line number="1742" hits="0"/>
						<line number="1751" hits="0"/>
						<line number="1752" hits="0"/>
						<line number="1760" hits="0"/>
						<line number="1776" hits="0"/>
						<line number="1777" hits="0"/>
						<line number="1780" hits="0"/>
						<line number="1838" hits="0"/>
						<line number="1839" hits="0"/>
						<line number="1840" hits="0"/>
						<line number="1841" hits="0"/>
						<line number="1849" hits="0"/>
						<line number="1857" hits="0"/>
						<line number="1858" hits="0"/>
						<line number="1859" hits="0"/>
						<line number="1861" hits="0"/>
						<line number="1863" hits="0"/>
						<line number="1873" hits="0"/>
						<line number="1884" hits="0"/>
						<line number="1885" hits="0"/>
						<line number="1886" hits="0"/>
						<line number="1887" hits="0"/>
						<line number="1893" hits="0"/>
						<line number="1894" hits="0"/>
						<line number="1896" hits="0"/>
						<line number="1897" hits="0"/>
						<line number="1898" hits="0"/>
						<line number="1900" hits="0"/>
						<line number="1998" hits="0"/>
						<line number="2001" hits="0"/>
						<line number="2002" hits="0"/>
						<line number="2006" hits="0"/>
						<line number="2009" hits="0"/>
						<line number="2010" hits="0"/>
						<line number="2011" hits="0"/>
						<line number="2016" hits="0"/>
						<line number="2017" hits="0"/>
						<line number="2019" hits="0"/>
						<line number="2021" hits="0"/>
						<line number="2024" hits="0"/>
						<line number="2036" hits="0"/>
						<line number="2042" hits="0"/>
						<line number="2043" hits="0"/>
						<line number="2044" hits="0"/>
						<line number="2045" hits="0"/>
						<line number="2051" hits="0"/>
						<line number="2052" hits="0"/>
						<line number="2054" hits="0"/>
						<line number="2055" hits="0"/>
						<line number="2056" hits="0"/>
						<line number="2058" hits="0"/>
						<line number="2079" hits="0"/>
						<line number="2081" hits="0"/>
						<line number="2082" hits="0"/>
						<line number="2083" hits="0"/>
						<line number="2085" hits="0"/>
						<line number="2086" hits="0"/>
						<line number="2087" hits="0"/>
						<line number="2089" hits="0"/>
						<line number="2091" hits="0"/>
						<line number="2093" hits="0"/>
						<line number="2116" hits="0"/>
						<line number="2117" hits="0"/>
						<line number="2119" hits="0"/>
						<line number="2120" hits="0"/>
						<line number="2122" hits="0"/>
						<line number="2123" hits="0"/>
						<line number="2124" hits="0"/>
						<line number="2125" hits="0"/>
						<line number="2128" hits="0"/>
						<line number="2129" hits="0"/>
						<line number="2131" hits="0"/>
						<line number="2132" hits="0"/>
						<line number="2134" hits="0"/>
						<line number="2135" hits="0"/>
						<line number="2136" hits="0"/>
						<line number="2137" hits="0"/>
						<line number="2138" hits="0"/>
						<line number="2139" hits="0"/>
						<line number="2140" hits="0"/>
						<line number="2143" hits="0"/>
						<line number="2160" hits="0"/>
						<line number="2162" hits="0"/>
						<line number="2163" hits="0"/>
						<line number="2165" hits="0"/>
						<line number="2166" hits="0"/>
						<line number="2169" hits="0"/>
						<line number="2179" hits="0"/>
						<line number="2180" hits="0"/>
						<line number="2181" hits="0"/>
						<line number="2184" hits="0"/>
						<line number="2191" hits="0"/>
						<line number="2192" hits="0"/>
						<line number="2198" hits="0"/>
						<line number="2199" hits="0"/>
						<line number="2200" hits="0"/>
						<line number="2201" hits="0"/>
						<line number="2204" hits="0"/>
						<line number="2205" hits="0"/>
						<line number="2207" hits="0"/>
						<line number="2210" hits="0"/>
						<line number="2211" hits="0"/>
						<line number="2212" hits="0"/>
						<line number="2218" hits="0"/>
						<line number="2226" hits="0"/>
						<line number="2228" hits="0"/>
						<line number="2229" hits="0"/>
						<line number="2231" hits="0"/>
						<line number="2234" hits="0"/>
						<line number="2235" hits="0"/>
						<line number="2238" hits="0"/>
						<line number="2248" hits="0"/>
						<line number="2256" hits="0"/>
						<line number="2257" hits="0"/>
						<line number="2260" hits="0"/>
						<line number="2261" hits="0"/>
						<line number="2264" hits="0"/>
						<line number="2265" hits="0"/>
						<line number="2266" hits="0"/>
						<line number="2267" hits="0"/>
						<line number="2268" hits="0"/>
						<line number="2269" hits="0"/>
						<line number="2270" hits="0"/>
						<line number="2271" hits="0"/>
						<line number="2272" hits="0"/>
						<line number="2273" hits="0"/>
						<line number="2274" hits="0"/>
						<line number="2275" hits="0"/>
						<line number="2276" hits="0"/>
						<line number="2277" hits="0"/>
						<line number="2278" hits="0"/>
						<line number="2279" hits="0"/>
						<line number="2280" hits="0"/>
						<line number="2281" hits="0"/>
						<line number="2282" hits="0"/>
						<line number="2283" hits="0"/>
						<line number="2284" hits="0"/>
						<line number="2286" hits="0"/>
						<line number="2287" hits="0"/>
						<line number="2288" hits="0"/>
						<line number="2293" hits="0"/>
						<line number="2296" hits="0"/>
						<line number="2305" hits="0"/>
						<line number="2308" hits="0"/>
						<line number="2310" hits="0"/>
						<line number="2322" hits="0"/>
						<line number="2325" hits="0"/>
						<line number="2328" hits="0"/>
						<line number="2330" hits="0"/>
						<line number="2340" hits="0"/>
						<line number="2343" hits="0"/>
						<line number="2344" hits="0"/>
						<line number="2346" hits="0"/>
						<line number="2356" hits="0"/>
						<line number="2357" hits="0"/>
						<line number="2358" hits="0"/>
						<line number="2359" hits="0"/>
						<line number="2361" hits="0"/>
						<line number="2362" hits="0"/>
						<line number="2364" hits="0"/>
						<line number="2365" hits="0"/>
						<line number="2366" hits="0"/>
						<line number="2368" hits="0"/>
						<line number="2377" hits="0"/>
						<line number="2379" hits="0"/>
						<line number="2384" hits="0"/>
						<line number="2385" hits="0"/>
						<line number="2387" hits="0"/>
						<line number="2388" hits="0"/>
						<line number="2390" hits="0"/>
						<line number="2391" hits="0"/>
						<line number="2392" hits="0"/>
						<line number="2394" hits="0"/>
						<line number="2403" hits="0"/>
						<line number="2405" hits="0"/>
						<line number="2410" hits="0"/>
						<line number="2411" hits="0"/>
						<line number="2417" hits="0"/>
						<line number="2418" hits="0"/>
						<line number="2420" hits="0"/>
						<line number="2421" hits="0"/>
						<line number="2422" hits="0"/>
						<line number="2423" hits="0"/>
						<line number="2425" hits="0"/>
						<line number="2426" hits="0"/>
						<line number="2427" hits="0"/>
						<line number="2428" hits="0"/>
						<line number="2430" hits="0"/>
						<line number="2431" hits="0"/>
						<line number="2434" hits="0"/>
						<line number="2438" hits="0"/>
						<line number="2439" hits="0"/>
						<line number="2442" hits="0"/>
						<line number="2445" hits="0"/>
						<line number="2446" hits="0"/>
						<line number="2449" hits="0"/>
						<line number="2460" hits="0"/>
						<line number="2463" hits="0"/>
						<line number="2464" hits="0"/>
						<line number="2468" hits="0"/>
						<line number="2469" hits="0"/>
						<line number="2480" hits="0"/>
						<line number="2481" hits="0"/>
						<line number="2492" hits="0"/>
						<line number="2493" hits="0"/>
						<line number="2504" hits="0"/>
						<line number="2505" hits="0"/>
						<line number="2516" hits="0"/>
						<line number="2517" hits="0"/>
						<line number="2528" hits="0"/>
						<line number="2529" hits="0"/>
						<line number="2540" hits="0"/>
						<line number="2541" hits="0"/>
						<line number="2552" hits="0"/>
						<line number="2553" hits="0"/>
						<line number="2565" hits="0"/>
						<line number="2567" hits="0"/>
						<line number="2569" hits="0"/>
						<line number="2570" hits="0"/>
						<line number="2572" hits="0"/>
						<line number="2575" hits="0"/>
						<line number="2581" hits="0"/>
						<line number="2583" hits="0"/>
						<line number="2584" hits="0"/>
						<line number="2585" hits="0"/>
						<line number="2587" hits="0"/>
						<line number="2588" hits="0"/>
						<line number="2591" hits="0"/>
						<line number="2592" hits="0"/>
						<line number="2594" hits="0"/>
						<line number="2603" hits="0"/>
						<line number="2610" hits="0"/>
						<line number="2611" hits="0"/>
						<line number="2614" hits="0"/>
						<line number="2615" hits="0"/>
						<line number="2617" hits="0"/>
						<line number="2618" hits="0"/>
						<line number="2619" hits="0"/>
						<line number="2620" hits="0"/>
						<line number="2621" hits="0"/>
						<line number="2622" hits="0"/>
						<line number="2623" hits="0"/>
						<line number="2624" hits="0"/>
						<line number="2625" hits="0"/>
						<line number="2626" hits="0"/>
						<line number="2627" hits="0"/>
						<line number="2628" hits="0"/>
						<line number="2629" hits="0"/>
						<line number="2630" hits="0"/>
						<line number="2631" hits="0"/>
						<line number="2632" hits="0"/>
						<line number="2633" hits="0"/>
						<line number="2634" hits="0"/>
						<line number="2635" hits="0"/>
						<line number="2636" hits="0"/>
						<line number="2637" hits="0"/>
						<line number="2638" hits="0"/>
						<line number="2639" hits="0"/>
						<line number="2645" hits="0"/>
						<line number="2647" hits="0"/>
						<line number="2648" hits="0"/>
						<line number="2649" hits="0"/>
						<line number="2654" hits="0"/>
						<line number="2657" hits="0"/>
						<line number="2658" hits="0"/>
						<line number="2667" hits="0"/>
						<line number="2670" hits="0"/>
						<line number="2671" hits="0"/>
						<line number="2680" hits="0"/>
						<line number="2682" hits="0"/>
						<line number="2683" hits="0"/>
						<line number="2684" hits="0"/>
						<line number="2685" hits="0"/>
						<line number="2686" hits="0"/>
						<line number="2687" hits="0"/>
						<line number="2688" hits="0"/>
						<line number="2689" hits="0"/>
						<line number="2690" hits="0"/>
						<line number="2691" hits="0"/>
						<line number="2692" hits="0"/>
						<line number="2693" hits="0"/>
						<line number="2694" hits="0"/>
						<line number="2695" hits="0"/>
						<line number="2697" hits="0"/>
						<line number="2699" hits="0"/>
						<line number="2701" hits="0"/>
						<line number="2710" hits="0"/>
						<line number="2711" hits="0"/>
						<line number="2712" hits="0"/>
						<line number="2713" hits="0"/>
						<line number="2719" hits="0"/>
						<line number="2720" hits="0"/>
						<line number="2722" hits="0"/>
						<line number="2723" hits="0"/>
						<line number="2724" hits="0"/>
						<line number="2725" hits="0"/>
						<line number="2730" hits="0"/>
						<line number="2731" hits="0"/>
						<line number="2732" hits="0"/>
						<line number="2733" hits="0"/>
						<line number="2735" hits="0"/>
						<line number="2736" hits="0"/>
						<line number="2738" hits="0"/>
						<line number="2739" hits="0"/>
						<line number="2740" hits="0"/>
						<line number="2741" hits="0"/>
						<line number="2746" hits="0"/>
						<line number="2747" hits="0"/>
						<line number="2748" hits="0"/>
						<line number="2749" hits="0"/>
						<line number="2751" hits="0"/>
						<line number="2752" hits="0"/>
						<line number="2754" hits="0"/>
						<line number="2755" hits="0"/>
						<line number="2756" hits="0"/>
						<line number="2757" hits="0"/>
						<line number="2759" hits="0"/>
						<line number="2760" hits="0"/>
						<line number="2761" hits="0"/>
						<line number="2763" hits="0"/>
						<line number="2764" hits="0"/>
						<line number="2772" hits="0"/>
						<line number="2773" hits="0"/>
						<line number="2774" hits="0"/>
						<line number="2775" hits="0"/>
						<line number="2776" hits="0"/>
						<line number="2778" hits="0"/>
						<line number="2779" hits="0"/>
						<line number="2781" hits="0"/>
						<line number="2782" hits="0"/>
						<line number="2783" hits="0"/>
						<line number="2784" hits="0"/>
						<line number="2786" hits="0"/>
						<line number="2787" hits="0"/>
						<line number="2795" hits="0"/>
						<line number="2796" hits="0"/>
						<line number="2797" hits="0"/>
						<line number="2798" hits="0"/>
						<line number="2799" hits="0"/>
						<line number="2801" hits="0"/>
						<line number="2802" hits="0"/>
						<line number="2804" hits="0"/>
						<line number="2805" hits="0"/>
						<line number="2806" hits="0"/>
						<line number="2807" hits="0"/>
						<line number="2808" hits="0"/>
						<line number="2809" hits="0"/>
						<line number="2810" hits="0"/>
						<line number="2811" hits="0"/>
						<line number="2813" hits="0"/>
						<line number="2814" hits="0"/>
						<line number="2815" hits="0"/>
						<line number="2817" hits="0"/>
						<line number="2819" hits="0"/>
						<line number="2830" hits="0"/>
						<line number="2833" hits="0"/>
						<line number="2839" hits="0"/>
						<line number="2841" hits="0"/>
						<line number="2845" hits="0"/>
						<line number="2846" hits="0"/>
						<line number="2852" hits="0"/>
						<line number="2853" hits="0"/>
						<line number="2855" hits="0"/>
						<line number="2856" hits="0"/>
						<line number="2857" hits="0"/>
						<line number="2858" hits="0"/>
						<line number="2860" hits="0"/>
						<line number="2861" hits="0"/>
						<line number="2862" hits="0"/>
						<line number="2864" hits="0"/>
						<line number="2866" hits="0"/>
						<line number="2867" hits="0"/>
						<line number="2868" hits="0"/>
						<line number="2875" hits="0"/>
						<line number="2881" hits="0"/>
						<line number="2882" hits="0"/>
						<line number="2885" hits="0"/>
						<line number="2886" hits="0"/>
						<line number="2888" hits="0"/>
						<line number="2889" hits="0"/>
						<line number="2890" hits="0"/>
						<line number="2891" hits="0"/>
						<line number="2892" hits="0"/>
						<line number="2893" hits="0"/>
						<line number="2894" hits="0"/>
						<line number="2896" hits="0"/>
						<line number="2897" hits="0"/>
						<line number="2899" hits="0"/>
						<line number="2901" hits="0"/>
						<line number="2902" hits="0"/>
						<line number="2903" hits="0"/>
						<line number="2905" hits="0"/>
						<line number="2907" hits="0"/>
						<line number="2908" hits="0"/>
						<line number="2911" hits="0"/>
						<line number="2912" hits="0"/>
						<line number="2914" hits="0"/>
						<line number="2915" hits="0"/>
						<line number="2916" hits="0"/>
						<line number="2917" hits="0"/>
						<line number="2918" hits="0"/>
						<line number="2919" hits="0"/>
						<line number="2920" hits="0"/>
						<line number="2922" hits="0"/>
						<line number="2923" hits="0"/>
						<line number="2925" hits="0"/>
						<line number="2927" hits="0"/>
						<line number="2928" hits="0"/>
						<line number="2929" hits="0"/>
						<line number="2931" hits="0"/>
						<line number="2933" hits="0"/>
						<line number="2934" hits="0"/>
						<line number="2937" hits="0"/>
						<line number="2938" hits="0"/>
						<line number="2940" hits="0"/>
						<line number="2941" hits="0"/>
						<line number="2943" hits="0"/>
						<line number="2945" hits="0"/>
						<line number="2946" hits="0"/>
						<line number="2947" hits="0"/>
						<line number="2949" hits="0"/>
						<line number="2955" hits="0"/>
						<line number="2956" hits="0"/>
						<line number="2959" hits="0"/>
						<line number="2960" hits="0"/>
						<line number="2962" hits="0"/>
						<line number="2963" hits="0"/>
						<line number="2965" hits="0"/>
						<line number="2967" hits="0"/>
						<line number="2968" hits="0"/>
						<line number="2969" hits="0"/>
						<line number="2971" hits="0"/>
						<line number="2977" hits="0"/>
						<line number="2978" hits="0"/>
						<line number="2981" hits="0"/>
						<line number="2982" hits="0"/>
						<line number="2984" hits="0"/>
						<line number="2985" hits="0"/>
						<line number="2986" hits="0"/>
						<line number="2988" hits="0"/>
						<line number="2990" hits="0"/>
						<line number="2991" hits="0"/>
						<line number="2992" hits="0"/>
						<line number="2997" hits="0"/>
						<line number="3002" hits="0"/>
						<line number="3003" hits="0"/>
						<line number="3006" hits="0"/>
						<line number="3007" hits="0"/>
						<line number="3009" hits="0"/>
						<line number="3010" hits="0"/>
						<line number="3011" hits="0"/>
						<line number="3013" hits="0"/>
						<line number="3015" hits="0"/>
						<line number="3016" hits="0"/>
						<line number="3017" hits="0"/>
						<line number="3019" hits="0"/>
						<line number="3021" hits="0"/>
						<line number="3022" hits="0"/>
						<line number="3028" hits="0"/>
						<line number="3029" hits="0"/>
						<line number="3031" hits="0"/>
						<line number="3032" hits="0"/>
						<line number="3034" hits="0"/>
						<line number="3036" hits="0"/>
						<line number="3037" hits="0"/>
						<line number="3038" hits="0"/>
						<line number="3040" hits="0"/>
						<line number="3042" hits="0"/>
						<line number="3043" hits="0"/>
						<line number="3049" hits="0"/>
						<line number="3050" hits="0"/>
						<line number="3052" hits="0"/>
						<line number="3053" hits="0"/>
						<line number="3069" hits="0"/>
						<line number="3072" hits="0"/>
						<line number="3073" hits="0"/>
						<line number="3074" hits="0"/>
						<line number="3075" hits="0"/>
						<line number="3076" hits="0"/>
						<line number="3081" hits="0"/>
						<line number="3082" hits="0"/>
						<line number="3083" hits="0"/>
						<line number="3088" hits="0"/>
						<line number="3094" hits="0"/>
						<line number="3099" hits="0"/>
						<line number="3100" hits="0"/>
						<line number="3106" hits="0"/>
						<line number="3107" hits="0"/>
						<line number="3108" hits="0"/>
						<line number="3109" hits="0"/>
						<line number="3110" hits="0"/>
						<line number="3111" hits="0"/>
						<line number="3112" hits="0"/>
						<line number="3115" hits="0"/>
						<line number="3116" hits="0"/>
						<line number="3117" hits="0"/>
						<line number="3118" hits="0"/>
						<line number="3119" hits="0"/>
						<line number="3120" hits="0"/>
						<line number="3121" hits="0"/>
						<line number="3124" hits="0"/>
						<line number="3125" hits="0"/>
						<line number="3127" hits="0"/>
						<line number="3128" hits="0"/>
						<line number="3129" hits="0"/>
						<line number="3130" hits="0"/>
						<line number="3131" hits="0"/>
						<line number="3133" hits="0"/>
						<line number="3134" hits="0"/>
						<line number="3136" hits="0"/>
						<line number="3137" hits="0"/>
						<line number="3138" hits="0"/>
						<line number="3139" hits="0"/>
						<line number="3140" hits="0"/>
						<line number="3141" hits="0"/>
						<line number="3142" hits="0"/>
						<line number="3144" hits="0"/>
						<line number="3145" hits="0"/>
						<line number="3147" hits="0"/>
						<line number="3148" hits="0"/>
						<line number="3149" hits="0"/>
						<line number="3150" hits="0"/>
						<line number="3151" hits="0"/>
						<line number="3152" hits="0"/>
						<line number="3153" hits="0"/>
						<line number="3154" hits="0"/>
						<line number="3156" hits="0"/>
						<line number="3157" hits="0"/>
						<line number="3159" hits="0"/>
						<line number="3160" hits="0"/>
						<line number="3161" hits="0"/>
						<line number="3162" hits="0"/>
						<line number="3163" hits="0"/>
						<line number="3164" hits="0"/>
						<line number="3165" hits="0"/>
						<line number="3166" hits="0"/>
						<line number="3167" hits="0"/>
						<line number="3168" hits="0"/>
						<line number="3170" hits="0"/>
						<line number="3171" hits="0"/>
						<line number="3173" hits="0"/>
						<line number="3174" hits="0"/>
						<line number="3175" hits="0"/>
						<line number="3176" hits="0"/>
						<line number="3177" hits="0"/>
						<line number="3178" hits="0"/>
						<line number="3179" hits="0"/>
						<line number="3182" hits="0"/>
						<line number="3183" hits="0"/>
						<line number="3185" hits="0"/>
						<line number="3186" hits="0"/>
						<line number="3187" hits="0"/>
						<line number="3188" hits="0"/>
						<line number="3189" hits="0"/>
						<line number="3190" hits="0"/>
						<line number="3192" hits="0"/>
						<line number="3193" hits="0"/>
						<line number="3195" hits="0"/>
						<line number="3196" hits="0"/>
						<line number="3197" hits="0"/>
						<line number="3198" hits="0"/>
						<line number="3199" hits="0"/>
						<line number="3200" hits="0"/>
						<line number="3202" hits="0"/>
						<line number="3203" hits="0"/>
						<line number="3205" hits="0"/>
						<line number="3206" hits="0"/>
						<line number="3207" hits="0"/>
						<line number="3208" hits="0"/>
						<line number="3209" hits="0"/>
						<line number="3210" hits="0"/>
						<line number="3211" hits="0"/>
						<line number="3213" hits="0"/>
						<line number="3214" hits="0"/>
						<line number="3216" hits="0"/>
						<line number="3217" hits="0"/>
						<line number="3218" hits="0"/>
						<line number="3219" hits="0"/>
						<line number="3220" hits="0"/>
						<line number="3221" hits="0"/>
						<line number="3222" hits="0"/>
						<line number="3223" hits="0"/>
						<line number="3225" hits="0"/>
						<line number="3226" hits="0"/>
						<line number="3228" hits="0"/>
						<line number="3229" hits="0"/>
						<line number="3230" hits="0"/>
						<line number="3231" hits="0"/>
						<line number="3232" hits="0"/>
						<line number="3233" hits="0"/>
						<line number="3234" hits="0"/>
						<line number="3235" hits="0"/>
						<line number="3236" hits="0"/>
						<line number="3237" hits="0"/>
						<line number="3239" hits="0"/>
						<line number="3240" hits="0"/>
						<line number="3242" hits="0"/>
						<line number="3243" hits="0"/>
						<line number="3244" hits="0"/>
						<line number="3245" hits="0"/>
						<line number="3246" hits="0"/>
						<line number="3247" hits="0"/>
						<line number="3248" hits="0"/>
						<line number="3251" hits="0"/>
						<line number="3252" hits="0"/>
						<line number="3254" hits="0"/>
						<line number="3255" hits="0"/>
						<line number="3256" hits="0"/>
						<line number="3257" hits="0"/>
						<line number="3258" hits="0"/>
						<line number="3260" hits="0"/>
						<line number="3261" hits="0"/>
						<line number="3263" hits="0"/>
						<line number="3264" hits="0"/>
						<line number="3265" hits="0"/>
						<line number="3266" hits="0"/>
						<line number="3267" hits="0"/>
						<line number="3268" hits="0"/>
						<line number="3269" hits="0"/>
						<line number="3270" hits="0"/>
						<line number="3271" hits="0"/>
						<line number="3273" hits="0"/>
						<line number="3274" hits="0"/>
						<line number="3276" hits="0"/>
						<line number="3277" hits="0"/>
						<line number="3278" hits="0"/>
						<line number="3279" hits="0"/>
						<line number="3280" hits="0"/>
						<line number="3281" hits="0"/>
						<line number="3282" hits="0"/>
						<line number="3283" hits="0"/>
						<line number="3285" hits="0"/>
						<line number="3286" hits="0"/>
						<line number="3288" hits="0"/>
						<line number="3289" hits="0"/>
						<line number="3290" hits="0"/>
						<line number="3291" hits="0"/>
						<line number="3292" hits="0"/>
						<line number="3293" hits="0"/>
						<line number="3294" hits="0"/>
						<line number="3296" hits="0"/>
						<line number="3297" hits="0"/>
						<line number="3299" hits="0"/>
						<line number="3300" hits="0"/>
						<line number="3301" hits="0"/>
						<line number="3302" hits="0"/>
						<line number="3303" hits="0"/>
						<line number="3309" hits="0"/>
						<line number="3310" hits="0"/>
						<line number="3311" hits="0"/>
						<line number="3312" hits="0"/>
						<line number="3313" hits="0"/>
						<line number="3315" hits="0"/>
						<line number="3316" hits="0"/>
						<line number="3318" hits="0"/>
						<line number="3319" hits="0"/>
						<line number="3320" hits="0"/>
						<line number="3321" hits="0"/>
						<line number="3322" hits="0"/>
						<line number="3323" hits="0"/>
						<line number="3324" hits="0"/>
						<line number="3326" hits="0"/>
						<line number="3327" hits="0"/>
						<line number="3329" hits="0"/>
						<line number="3330" hits="0"/>
						<line number="3331" hits="0"/>
						<line number="3332" hits="0"/>
						<line number="3333" hits="0"/>
						<line number="3334" hits="0"/>
						<line number="3335" hits="0"/>
						<line number="3345" hits="0"/>
						<line number="3346" hits="0"/>
						<line number="3348" hits="0"/>
						<line number="3349" hits="0"/>
						<line number="3356" hits="0"/>
						<line number="3358" hits="0"/>
						<line number="3359" hits="0"/>
						<line number="3360" hits="0"/>
						<line number="3361" hits="0"/>
						<line number="3364" hits="0"/>
						<line number="3365" hits="0"/>
						<line number="3367" hits="0"/>
						<line number="3368" hits="0"/>
						<line number="3369" hits="0"/>
						<line number="3370" hits="0"/>
						<line number="3371" hits="0"/>
						<line number="3372" hits="0"/>
						<line number="3373" hits="0"/>
						<line number="3376" hits="0"/>
						<line number="3377" hits="0"/>
						<line number="3379" hits="0"/>
						<line number="3380" hits="0"/>
						<line number="3381" hits="0"/>
						<line number="3382" hits="0"/>
						<line number="3383" hits="0"/>
						<line number="3384" hits="0"/>
						<line number="3387" hits="0"/>
						<line number="3388" hits="0"/>
						<line number="3390" hits="0"/>
						<line number="3391" hits="0"/>
						<line number="3393" hits="0"/>
						<line number="3394" hits="0"/>
						<line number="3396" hits="0"/>
						<line number="3398" hits="0"/>
						<line number="3399" hits="0"/>
						<line number="3400" hits="0"/>
						<line number="3403" hits="0"/>
						<line number="3404" hits="0"/>
						<line number="3406" hits="0"/>
						<line number="3407" hits="0"/>
						<line number="3408" hits="0"/>
						<line number="3409" hits="0"/>
						<line number="3410" hits="0"/>
						<line number="3413" hits="0"/>
						<line number="3414" hits="0"/>
						<line number="3416" hits="0"/>
						<line number="3417" hits="0"/>
						<line number="3418" hits="0"/>
						<line number="3419" hits="0"/>
						<line number="3420" hits="0"/>
						<line number="3421" hits="0"/>
						<line number="3424" hits="0"/>
						<line number="3425" hits="0"/>
						<line number="3427" hits="0"/>
						<line number="3428" hits="0"/>
						<line number="3429" hits="0"/>
						<line number="3431" hits="0"/>
						<line number="3432" hits="0"/>
						<line number="3434" hits="0"/>
						<line number="3435" hits="0"/>
						<line number="3436" hits="0"/>
						<line number="3437" hits="0"/>
						<line number="3440" hits="0"/>
						<line number="3441" hits="0"/>
						<line number="3443" hits="0"/>
						<line number="3444" hits="0"/>
						<line number="3445" hits="0"/>
						<line number="3446" hits="0"/>
						<line number="3447" hits="0"/>
						<line number="3454" hits="0"/>
						<line number="3455" hits="0"/>
						<line number="3457" hits="0"/>
						<line number="3458" hits="0"/>
						<line number="3459" hits="0"/>
						<line number="3460" hits="0"/>
						<line number="3461" hits="0"/>
						<line number="3463" hits="0"/>
						<line number="3464" hits="0"/>
						<line number="3465" hits="0"/>
						<line number="3466" hits="0"/>
						<line number="3467" hits="0"/>
						<line number="3468" hits="0"/>
						<line number="3474" hits="0"/>
						<line number="3475" hits="0"/>
						<line number="3477" hits="0"/>
						<line number="3479" hits="0"/>
						<line number="3480" hits="0"/>
						<line number="3481" hits="0"/>
						<line number="3484" hits="0"/>
						<line number="3485" hits="0"/>
						<line number="3487" hits="0"/>
						<line number="3488" hits="0"/>
						<line number="3489" hits="0"/>
						<line number="3490" hits="0"/>
						<line number="3491" hits="0"/>
						<line number="3492" hits="0"/>
						<line number="3493" hits="0"/>
						<line number="3496" hits="0"/>
						<line number="3497" hits="0"/>
						<line number="3499" hits="0"/>
						<line number="3500" hits="0"/>
						<line number="3501" hits="0"/>
						<line number="3502" hits="0"/>
						<line number="3505" hits="0"/>
						<line number="3506" hits="0"/>
						<line number="3507" hits="0"/>
						<line number="3508" hits="0"/>
						<line number="3510" hits="0"/>
						<line number="3511" hits="0"/>
						<line number="3512" hits="0"/>
						<line number="3513" hits="0"/>
						<line number="3516" hits="0"/>
						<line number="3517" hits="0"/>
						<line number="3519" hits="0"/>
						<line number="3520" hits="0"/>
						<line number="3521" hits="0"/>
						<line number="3522" hits="0"/>
						<line number="3524" hits="0"/>
						<line number="3525" hits="0"/>
						<line number="3526" hits="0"/>
						<line number="3527" hits="0"/>
						<line number="3528" hits="0"/>
						<line number="3529" hits="0"/>
						<line number="3532" hits="0"/>
						<line number="3533" hits="0"/>
						<line number="3535" hits="0"/>
						<line number="3536" hits="0"/>
						<line number="3537" hits="0"/>
						<line number="3539" hits="0"/>
						<line number="3540" hits="0"/>
						<line number="3541" hits="0"/>
						<line number="3542" hits="0"/>
						<line number="3543" hits="0"/>
						<line number="3546" hits="0"/>
						<line number="3547" hits="0"/>
						<line number="3549" hits="0"/>
						<line number="3550" hits="0"/>
						<line number="3551" hits="0"/>
						<line number="3552" hits="0"/>
						<line number="3554" hits="0"/>
						<line number="3555" hits="0"/>
						<line number="3556" hits="0"/>
						<line number="3557" hits="0"/>
						<line number="3560" hits="0"/>
						<line number="3561" hits="0"/>
						<line number="3563" hits="0"/>
						<line number="3564" hits="0"/>
						<line number="3565" hits="0"/>
						<line number="3566" hits="0"/>
						<line number="3567" hits="0"/>
						<line number="3568" hits="0"/>
						<line number="3575" hits="0"/>
						<line number="3576" hits="0"/>
						<line number="3578" hits="0"/>
						<line number="3579" hits="0"/>
						<line number="3584" hits="0"/>
						<line number="3586" hits="0"/>
						<line number="3587" hits="0"/>
						<line number="3588" hits="0"/>
						<line number="3589" hits="0"/>
						<line number="3592" hits="0"/>
						<line number="3593" hits="0"/>
						<line number="3595" hits="0"/>
						<line number="3596" hits="0"/>
						<line number="3597" hits="0"/>
						<line number="3598" hits="0"/>
						<line number="3599" hits="0"/>
						<line number="3600" hits="0"/>
						<line number="3601" hits="0"/>
						<line number="3604" hits="0"/>
						<line number="3605" hits="0"/>
						<line number="3607" hits="0"/>
						<line number="3608" hits="0"/>
						<line number="3609" hits="0"/>
						<line number="3610" hits="0"/>
						<line number="3613" hits="0"/>
						<line number="3614" hits="0"/>
						<line number="3615" hits="0"/>
						<line number="3616" hits="0"/>
						<line number="3618" hits="0"/>
						<line number="3619" hits="0"/>
						<line number="3620" hits="0"/>
						<line number="3621" hits="0"/>
						<line number="3624" hits="0"/>
						<line number="3625" hits="0"/>
						<line number="3627" hits="0"/>
						<line number="3628" hits="0"/>
						<line number="3629" hits="0"/>
						<line number="3630" hits="0"/>
						<line number="3632" hits="0"/>
						<line number="3633" hits="0"/>
						<line number="3634" hits="0"/>
						<line number="3635" hits="0"/>
						<line number="3636" hits="0"/>
						<line number="3637" hits="0"/>
						<line number="3640" hits="0"/>
						<line number="3641" hits="0"/>
						<line number="3643" hits="0"/>
						<line number="3644" hits="0"/>
						<line number="3645" hits="0"/>
						<line number="3646" hits="0"/>
						<line number="3647" hits="0"/>
						<line number="3648" hits="0"/>
						<line number="3649" hits="0"/>
						<line number="3652" hits="0"/>
						<line number="3653" hits="0"/>
						<line number="3655" hits="0"/>
						<line number="3656" hits="0"/>
						<line number="3657" hits="0"/>
						<line number="3658" hits="0"/>
						<line number="3660" hits="0"/>
						<line number="3661" hits="0"/>
						<line number="3663" hits="0"/>
						<line number="3664" hits="0"/>
						<line number="3666" hits="0"/>
						<line number="3667" hits="0"/>
						<line number="3668" hits="0"/>
						<line number="3669" hits="0"/>
						<line number="3672" hits="0"/>
						<line number="3673" hits="0"/>
						<line number="3675" hits="0"/>
						<line number="3676" hits="0"/>
						<line number="3677" hits="0"/>
						<line number="3678" hits="0"/>
						<line number="3679" hits="0"/>
						<line number="3680" hits="0"/>
						<line number="3683" hits="0"/>
						<line number="3684" hits="0"/>
						<line number="3686" hits="0"/>
						<line number="3687" hits="0"/>
						<line number="3688" hits="0"/>
						<line number="3689" hits="0"/>
						<line number="3690" hits="0"/>
						<line number="3697" hits="0"/>
						<line number="3698" hits="0"/>
						<line number="3700" hits="0"/>
						<line number="3701" hits="0"/>
						<line number="3702" hits="0"/>
						<line number="3703" hits="0"/>
						<line number="3704" hits="0"/>
						<line number="3705" hits="0"/>
						<line number="3708" hits="0"/>
						<line number="3709" hits="0"/>
						<line number="3711" hits="0"/>
						<line number="3712" hits="0"/>
						<line number="3713" hits="0"/>
						<line number="3714" hits="0"/>
						<line number="3715" hits="0"/>
						<line number="3716" hits="0"/>
						<line number="3717" hits="0"/>
						<line number="3720" hits="0"/>
						<line number="3721" hits="0"/>
						<line number="3723" hits="0"/>
						<line number="3724" hits="0"/>
						<line number="3725" hits="0"/>
						<line number="3726" hits="0"/>
						<line number="3729" hits="0"/>
						<line number="3730" hits="0"/>
						<line number="3731" hits="0"/>
						<line number="3732" hits="0"/>
						<line number="3734" hits="0"/>
						<line number="3735" hits="0"/>
						<line number="3737" hits="0"/>
						<line number="3738" hits="0"/>
						<line number="3739" hits="0"/>
						<line number="3740" hits="0"/>
						<line number="3743" hits="0"/>
						<line number="3744" hits="0"/>
						<line number="3746" hits="0"/>
						<line number="3747" hits="0"/>
						<line number="3748" hits="0"/>
						<line number="3749" hits="0"/>
						<line number="3751" hits="0"/>
						<line number="3752" hits="0"/>
						<line number="3753" hits="0"/>
						<line number="3754" hits="0"/>
						<line number="3755" hits="0"/>
						<line number="3756" hits="0"/>
						<line number="3759" hits="0"/>
						<line number="3760" hits="0"/>
						<line number="3762" hits="0"/>
						<line number="3763" hits="0"/>
						<line number="3764" hits="0"/>
						<line number="3765" hits="0"/>
						<line number="3766" hits="0"/>
						<line number="3767" hits="0"/>
						<line number="3768" hits="0"/>
						<line number="3771" hits="0"/>
						<line number="3772" hits="0"/>
						<line number="3774" hits="0"/>
						<line number="3775" hits="0"/>
						<line number="3776" hits="0"/>
						<line number="3777" hits="0"/>
						<line number="3779" hits="0"/>
						<line number="3780" hits="0"/>
						<line number="3781" hits="0"/>
						<line number="3782" hits="0"/>
						<line number="3784" hits="0"/>
						<line number="3785" hits="0"/>
						<line number="3787" hits="0"/>
						<line number="3792" hits="0"/>
						<line number="3793" hits="0"/>
						<line number="3794" hits="0"/>
						<line number="3799" hits="0"/>
						<line number="3800" hits="0"/>
						<line number="3801" hits="0"/>
						<line number="3804" hits="0"/>
						<line number="3805" hits="0"/>
						<line number="3807" hits="0"/>
						<line number="3808" hits="0"/>
						<line number="3809" hits="0"/>
						<line number="3811" hits="0"/>
						<line number="3812" hits="0"/>
						<line number="3813" hits="0"/>
						<line number="3814" hits="0"/>
						<line number="3817" hits="0"/>
						<line number="3818" hits="0"/>
						<line number="3820" hits="0"/>
						<line number="3821" hits="0"/>
						<line number="3822" hits="0"/>
						<line number="3823" hits="0"/>
						<line number="3825" hits="0"/>
						<line number="3826" hits="0"/>
						<line number="3828" hits="0"/>
						<line number="3829" hits="0"/>
						<line number="3830" hits="0"/>
						<line number="3831" hits="0"/>
						<line number="3834" hits="0"/>
						<line number="3835" hits="0"/>
						<line number="3837" hits="0"/>
						<line number="3838" hits="0"/>
						<line number="3839" hits="0"/>
						<line number="3840" hits="0"/>
						<line number="3842" hits="0"/>
						<line number="3846" hits="0"/>
						<line number="3847" hits="0"/>
						<line number="3848" hits="0"/>
						<line number="3855" hits="0"/>
						<line number="3856" hits="0"/>
						<line number="3858" hits="0"/>
						<line number="3859" hits="0"/>
						<line number="3860" hits="0"/>
						<line number="3861" hits="0"/>
						<line number="3863" hits="0"/>
						<line number="3864" hits="0"/>
						<line number="3865" hits="0"/>
						<line number="3866" hits="0"/>
						<line number="3869" hits="0"/>
						<line number="3870" hits="0"/>
						<line number="3872" hits="0"/>
						<line number="3873" hits="0"/>
						<line number="3874" hits="0"/>
						<line number="3875" hits="0"/>
						<line number="3876" hits="0"/>
						<line number="3877" hits="0"/>
						<line number="3883" hits="0"/>
						<line number="3884" hits="0"/>
						<line number="3885" hits="0"/>
						<line number="3887" hits="0"/>
						<line number="3888" hits="0"/>
						<line number="3889" hits="0"/>
						<line number="3910" hits="0"/>
						<line number="3911" hits="0"/>
						<line number="3912" hits="0"/>
						<line number="3913" hits="0"/>
						<line number="3914" hits="0"/>
						<line number="3915" hits="0"/>
						<line number="3917" hits="0"/>
						<line number="3918" hits="0"/>
						<line number="3919" hits="0"/>
						<line number="3921" hits="0"/>
						<line number="3922" hits="0"/>
						<line number="3923" hits="0"/>
						<line number="3925" hits="0"/>
						<line number="3926" hits="0"/>
						<line number="3946" hits="0"/>
						<line number="3947" hits="0"/>
						<line number="3948" hits="0"/>
						<line number="3949" hits="0"/>
						<line number="3951" hits="0"/>
						<line number="3952" hits="0"/>
						<line number="3953" hits="0"/>
						<line number="3955" hits="0"/>
						<line number="3956" hits="0"/>
						<line number="3973" hits="0"/>
						<line number="3974" hits="0"/>
						<line number="3975" hits="0"/>
						<line number="3976" hits="0"/>
						<line number="3978" hits="0"/>
						<line number="3979" hits="0"/>
						<line number="3980" hits="0"/>
						<line number="3982" hits="0"/>
						<line number="3983" hits="0"/>
						<line number="3999" hits="0"/>
						<line number="4000" hits="0"/>
						<line number="4001" hits="0"/>
						<line number="4002" hits="0"/>
						<line number="4004" hits="0"/>
						<line number="4005" hits="0"/>
						<line number="4006" hits="0"/>
						<line number="4008" hits="0"/>
						<line number="4009" hits="0"/>
						<line number="4020" hits="0"/>
						<line number="4021" hits="0"/>
						<line number="4022" hits="0"/>
						<line number="4023" hits="0"/>
						<line number="4025" hits="0"/>
						<line number="4026" hits="0"/>
						<line number="4027" hits="0"/>
						<line number="4029" hits="0"/>
						<line number="4030" hits="0"/>
						<line number="4047" hits="0"/>
						<line number="4048" hits="0"/>
						<line number="4049" hits="0"/>
						<line number="4050" hits="0"/>
						<line number="4052" hits="0"/>
						<line number="4053" hits="0"/>
						<line number="4054" hits="0"/>
						<line number="4056" hits="0"/>
						<line number="4057" hits="0"/>
						<line number="4072" hits="0"/>
						<line number="4073" hits="0"/>
						<line number="4074" hits="0"/>
						<line number="4075" hits="0"/>
						<line number="4077" hits="0"/>
						<line number="4078" hits="0"/>
						<line number="4079" hits="0"/>
						<line number="4081" hits="0"/>
						<line number="4082" hits="0"/>
						<line number="4101" hits="0"/>
						<line number="4102" hits="0"/>
						<line number="4103" hits="0"/>
						<line number="4104" hits="0"/>
						<line number="4106" hits="0"/>
						<line number="4107" hits="0"/>
						<line number="4108" hits="0"/>
						<line number="4110" hits="0"/>
						<line number="4111" hits="0"/>
						<line number="4115" hits="0"/>
						<line number="4116" hits="0"/>
						<line number="4117" hits="0"/>
						<line number="4118" hits="0"/>
						<line number="4120" hits="0"/>
						<line number="4121" hits="0"/>
						<line number="4122" hits="0"/>
						<line number="4124" hits="0"/>
						<line number="4125" hits="0"/>
						<line number="4129" hits="0"/>
						<line number="4130" hits="0"/>
						<line number="4131" hits="0"/>
						<line number="4132" hits="0"/>
						<line number="4134" hits="0"/>
						<line number="4135" hits="0"/>
						<line number="4136" hits="0"/>
						<line number="4138" hits="0"/>
						<line number="4139" hits="0"/>
						<line number="4143" hits="0"/>
						<line number="4144" hits="0"/>
						<line number="4145" hits="0"/>
						<line number="4146" hits="0"/>
						<line number="4148" hits="0"/>
						<line number="4149" hits="0"/>
						<line number="4150" hits="0"/>
						<line number="4152" hits="0"/>
						<line number="4153" hits="0"/>
						<line number="4157" hits="0"/>
						<line number="4158" hits="0"/>
						<line number="4159" hits="0"/>
						<line number="4160" hits="0"/>
						<line number="4162" hits="0"/>
						<line number="4163" hits="0"/>
						<line number="4164" hits="0"/>
						<line number="4166" hits="0"/>
						<line number="4167" hits="0"/>
						<line number="4171" hits="0"/>
						<line number="4172" hits="0"/>
						<line number="4173" hits="0"/>
						<line number="4174" hits="0"/>
						<line number="4176" hits="0"/>
						<line number="4177" hits="0"/>
						<line number="4178" hits="0"/>
						<line number="4180" hits="0"/>
						<line number="4181" hits="0"/>
						<line number="4185" hits="0"/>
						<line number="4186" hits="0"/>
						<line number="4187" hits="0"/>
						<line number="4188" hits="0"/>
						<line number="4190" hits="0"/>
						<line number="4191" hits="0"/>
						<line number="4192" hits="0"/>
[...]
						<line number="146" hits="0"/>
						<line number="147" hits="0"/>
						<line number="148" hits="0"/>
						<line number="149" hits="0"/>
						<line number="150" hits="0"/>
						<line number="153" hits="0"/>
						<line number="160" hits="0"/>
						<line number="162" hits="0"/>
						<line number="163" hits="0"/>
						<line number="165" hits="0"/>
						<line number="172" hits="0"/>
						<line number="183" hits="0"/>
						<line number="186" hits="0"/>
						<line number="187" hits="0"/>
						<line number="196" hits="0"/>
						<line number="202" hits="0"/>
						<line number="209" hits="0"/>
						<line number="212" hits="0"/>
						<line number="217" hits="0"/>
						<line number="219" hits="0"/>
						<line number="220" hits="0"/>
						<line number="223" hits="0"/>
						<line number="224" hits="0"/>
						<line number="225" hits="0"/>
						<line number="226" hits="0"/>
						<line number="228" hits="0"/>
						<line number="229" hits="0"/>
						<line number="230" hits="0"/>
						<line number="231" hits="0"/>
						<line number="232" hits="0"/>
						<line number="233" hits="0"/>
						<line number="234" hits="0"/>
						<line number="235" hits="0"/>
						<line number="236" hits="0"/>
						<line number="237" hits="0"/>
						<line number="238" hits="0"/>
						<line number="240" hits="0"/>
						<line number="242" hits="0"/>
						<line number="256" hits="0"/>
						<line number="259" hits="0"/>
						<line number="262" hits="0"/>
						<line number="263" hits="0"/>
						<line number="264" hits="0"/>
						<line number="265" hits="0"/>
						<line number="266" hits="0"/>
						<line number="267" hits="0"/>
						<line number="268" hits="0"/>
						<line number="269" hits="0"/>
						<line number="270" hits="0"/>
						<line number="274" hits="0"/>
						<line number="275" hits="0"/>
						<line number="276" hits="0"/>
						<line number="277" hits="0"/>
						<line number="278" hits="0"/>
						<line number="279" hits="0"/>
						<line number="281" hits="0"/>
						<line number="282" hits="0"/>
						<line number="283" hits="0"/>
						<line number="284" hits="0"/>
						<line number="285" hits="0"/>
						<line number="286" hits="0"/>
						<line number="288" hits="0"/>
						<line number="293" hits="0"/>
						<line number="294" hits="0"/>
						<line number="295" hits="0"/>
						<line number="297" hits="0"/>
						<line number="303" hits="0"/>
						<line number="304" hits="0"/>
						<line number="305" hits="0"/>
						<line number="307" hits="0"/>
						<line number="313" hits="0"/>
						<line number="319" hits="0"/>
						<line number="321" hits="0"/>
						<line number="322" hits="0"/>
						<line number="331" hits="0"/>
						<line number="337" hits="0"/>
						<line number="343" hits="0"/>
						<line number="345" hits="0"/>
						<line number="346" hits="0"/>
						<line number="348" hits="0"/>
						<line number="349" hits="0"/>
						<line number="352" hits="0"/>
						<line number="353" hits="0"/>
						<line number="354" hits="0"/>
						<line number="355" hits="0"/>
						<line number="357" hits="0"/>
						<line number="358" hits="0"/>
						<line number="359" hits="0"/>
						<line number="360" hits="0"/>
						<line number="361" hits="0"/>
						<line number="362" hits="0"/>
						<line number="363" hits="0"/>
						<line number="364" hits="0"/>
						<line number="365" hits="0"/>
						<line number="366" hits="0"/>
						<line number="367" hits="0"/>
						<line number="369" hits="0"/>
						<line number="371" hits="0"/>
						<line number="383" hits="0"/>
						<line number="385" hits="0"/>
						<line number="386" hits="0"/>
						<line number="387" hits="0"/>
						<line number="388" hits="0"/>
						<line number="389" hits="0"/>
						<line number="390" hits="0"/>
						<line number="392" hits="0"/>
						<line number="397" hits="0"/>
						<line number="398" hits="0"/>
						<line number="399" hits="0"/>
						<line number="400" hits="0"/>
						<line number="401" hits="0"/>
						<line number="403" hits="0"/>
						<line number="409" hits="0"/>
						<line number="410" hits="0"/>
						<line number="411" hits="0"/>
						<line number="413" hits="0"/>
						<line number="419" hits="0"/>
						<line number="426" hits="0"/>
						<line number="428" hits="0"/>
						<line number="429" hits="0"/>
						<line number="430" hits="0"/>
						<line number="439" hits="0"/>
						<line number="445" hits="0"/>
						<line number="452" hits="0"/>
						<line number="454" hits="0"/>
						<line number="459" hits="0"/>
						<line number="461" hits="0"/>
						<line number="462" hits="0"/>
						<line number="464" hits="0"/>
						<line number="466" hits="0"/>
						<line number="474" hits="0"/>
						<line number="475" hits="0"/>
						<line number="477" hits="0"/>
						<line number="478" hits="0"/>
						<line number="479" hits="0"/>
						<line number="480" hits="0"/>
						<line number="481" hits="0"/>
						<line number="482" hits="0"/>
						<line number="484" hits="0"/>
						<line number="486" hits="0"/>
						<line number="494" hits="0"/>
						<line number="495" hits="0"/>
						<line number="496" hits="0"/>
						<line number="498" hits="0"/>
						<line number="499" hits="0"/>
						<line number="500" hits="0"/>
						<line number="501" hits="0"/>
						<line number="502" hits="0"/>
						<line number="503" hits="0"/>
						<line number="505" hits="0"/>
					</lines>
				</class>
			</classes>
		</package>
		<package name="tools.maintenance" line-rate="0" branch-rate="0" complexity="0">
			<classes>
				<class name="__init__.py" filename="tools/maintenance/__init__.py" complexity="0" line-rate="1" branch-rate="0">
					<methods/>
					<lines/>
				</class>
				<class name="db_maintenance.py" filename="tools/maintenance/db_maintenance.py" complexity="0" line-rate="0" branch-rate="0">
					<methods/>
					<lines>
						<line number="8" hits="0"/>
						<line number="9" hits="0"/>
						<line number="10" hits="0"/>
						<line number="11" hits="0"/>
						<line number="13" hits="0"/>
						<line number="15" hits="0"/>
						<line number="18" hits="0"/>
						<line number="21" hits="0"/>
						<line number="22" hits="0"/>
						<line number="24" hits="0"/>
						<line number="26" hits="0"/>
						<line number="27" hits="0"/>
						<line number="28" hits="0"/>
						<line number="29" hits="0"/>
						<line number="31" hits="0"/>
						<line number="33" hits="0"/>
						<line number="34" hits="0"/>
						<line number="36" hits="0"/>
						<line number="37" hits="0"/>
						<line number="38" hits="0"/>
						<line number="39" hits="0"/>
						<line number="40" hits="0"/>
						<line number="41" hits="0"/>
						<line number="42" hits="0"/>
						<line number="43" hits="0"/>
						<line number="45" hits="0"/>
						<line number="47" hits="0"/>
						<line number="48" hits="0"/>
						<line number="50" hits="0"/>
						<line number="64" hits="0"/>
						<line number="65" hits="0"/>
						<line number="66" hits="0"/>
						<line number="69" hits="0"/>
						<line number="77" hits="0"/>
						<line number="78" hits="0"/>
						<line number="80" hits="0"/>
						<line number="81" hits="0"/>
						<line number="82" hits="0"/>
						<line number="83" hits="0"/>
						<line number="84" hits="0"/>
						<line number="85" hits="0"/>
						<line number="87" hits="0"/>
						<line number="92" hits="0"/>
						<line number="93" hits="0"/>
						<line number="94" hits="0"/>
						<line number="96" hits="0"/>
						<line number="98" hits="0"/>
						<line number="99" hits="0"/>
						<line number="100" hits="0"/>
						<line number="102" hits="0"/>
						<line number="103" hits="0"/>
						<line number="104" hits="0"/>
						<line number="106" hits="0"/>
						<line number="108" hits="0"/>
						<line number="109" hits="0"/>
						<line number="110" hits="0"/>
						<line number="111" hits="0"/>
						<line number="112" hits="0"/>
						<line number="113" hits="0"/>
						<line number="115" hits="0"/>
						<line number="117" hits="0"/>
						<line number="119" hits="0"/>
						<line number="125" hits="0"/>
						<line number="126" hits="0"/>
						<line number="127" hits="0"/>
						<line number="129" hits="0"/>
						<line number="130" hits="0"/>
						<line number="131" hits="0"/>
						<line number="132" hits="0"/>
						<line number="133" hits="0"/>
						<line number="135" hits="0"/>
						<line number="136" hits="0"/>
						<line number="137" hits="0"/>
						<line number="138" hits="0"/>
						<line number="139" hits="0"/>
						<line number="141" hits="0"/>
						<line number="143" hits="0"/>
						<line number="146" hits="0"/>
						<line number="159" hits="0"/>
						<line number="170" hits="0"/>
						<line number="171" hits="0"/>
						<line number="172" hits="0"/>
						<line number="174" hits="0"/>
						<line number="176" hits="0"/>
						<line number="177" hits="0"/>
						<line number="178" hits="0"/>
						<line number="179" hits="0"/>
						<line number="180" hits="0"/>
						<line number="182" hits="0"/>
						<line number="183" hits="0"/>
						<line number="184" hits="0"/>
						<line number="186" hits="0"/>
						<line number="192" hits="0"/>
						<line number="193" hits="0"/>
						<line number="194" hits="0"/>
						<line number="196" hits="0"/>
						<line number="198" hits="0"/>
						<line number="201" hits="0"/>
						<line number="206" hits="0"/>
						<line number="219" hits="0"/>
						<line number="220" hits="0"/>
						<line number="221" hits="0"/>
						<line number="223" hits="0"/>
						<line number="225" hits="0"/>
						<line number="226" hits="0"/>
						<line number="227" hits="0"/>
						<line number="228" hits="0"/>
						<line number="230" hits="0"/>
						<line number="235" hits="0"/>
						<line number="236" hits="0"/>
						<line number="237" hits="0"/>
						<line number="239" hits="0"/>
						<line number="241" hits="0"/>
						<line number="242" hits="0"/>
						<line number="243" hits="0"/>
						<line number="244" hits="0"/>
						<line number="245" hits="0"/>
						<line number="247" hits="0"/>
						<line number="250" hits="0"/>
						<line number="251" hits="0"/>
						<line number="253" hits="0"/>
						<line number="256" hits="0"/>
						<line number="257" hits="0"/>
						<line number="258" hits="0"/>
						<line number="260" hits="0"/>
						<line number="263" hits="0"/>
						<line number="264" hits="0"/>
						<line number="265" hits="0"/>
						<line number="266" hits="0"/>
						<line number="267" hits="0"/>
						<line number="269" hits="0"/>
						<line number="272" hits="0"/>
						<line number="273" hits="0"/>
						<line number="275" hits="0"/>
						<line number="278" hits="0"/>
						<line number="279" hits="0"/>
						<line number="281" hits="0"/>
						<line number="284" hits="0"/>
						<line number="285" hits="0"/>
						<line number="287" hits="0"/>
						<line number="290" hits="0"/>
						<line number="291" hits="0"/>
						<line number="293" hits="0"/>
						<line number="296" hits="0"/>
						<line number="297" hits="0"/>
						<line number="299" hits="0"/>
						<line number="300" hits="0"/>
						<line number="301" hits="0"/>
						<line number="302" hits="0"/>
						<line number="304" hits="0"/>
					</lines>
				</class>
			</classes>
		</package>
		<package name="tools.relationships" line-rate="0" branch-rate="0" complexity="0">
			<classes>
				<class name="__init__.py" filename="tools/relationships/__init__.py" complexity="0" line-rate="1" branch-rate="0">
					<methods/>
					<lines/>
				</class>
				<class name="graph_builder.py" filename="tools/relationships/graph_builder.py" complexity="0" line-rate="0" branch-rate="0">
					<methods/>
					<lines>
						<line number="8" hits="0"/>
						<line number="9" hits="0"/>
						<line number="10" hits="0"/>
						<line number="12" hits="0"/>
						<line number="14" hits="0"/>
						<line number="17" hits="0"/>
						<line number="20" hits="0"/>
						<line number="21" hits="0"/>
						<line number="28" hits="0"/>
						<line number="54" hits="0"/>
						<line number="61" hits="0"/>
						<line number="62" hits="0"/>
						<line number="64" hits="0"/>
						<line number="67" hits="0"/>
						<line number="88" hits="0"/>
						<line number="89" hits="0"/>
						<line number="92" hits="0"/>
						<line number="96" hits="0"/>
						<line number="97" hits="0"/>
						<line number="99" hits="0"/>
						<line number="100" hits="0"/>
						<line number="102" hits="0"/>
						<line number="103" hits="0"/>
						<line number="104" hits="0"/>
						<line number="106" hits="0"/>
						<line number="131" hits="0"/>
						<line number="133" hits="0"/>
						<line number="134" hits="0"/>
						<line number="135" hits="0"/>
						<line number="136" hits="0"/>
						<line number="137" hits="0"/>
						<line number="138" hits="0"/>
						<line number="140" hits="0"/>
						<line number="161" hits="0"/>
						<line number="163" hits="0"/>
						<line number="164" hits="0"/>
						<line number="166" hits="0"/>
						<line number="167" hits="0"/>
						<line number="169" hits="0"/>
						<line number="171" hits="0"/>
						<line number="189" hits="0"/>
						<line number="190" hits="0"/>
						<line number="191" hits="0"/>
						<line number="192" hits="0"/>
						<line number="194" hits="0"/>
						<line number="224" hits="0"/>
						<line number="226" hits="0"/>
						<line number="227" hits="0"/>
						<line number="230" hits="0"/>
						<line number="234" hits="0"/>
						<line number="235" hits="0"/>
						<line number="237" hits="0"/>
						<line number="238" hits="0"/>
						<line number="240" hits="0"/>
						<line number="241" hits="0"/>
						<line number="242" hits="0"/>
						<line number="244" hits="0"/>
						<line number="250" hits="0"/>
						<line number="258" hits="0"/>
						<line number="259" hits="0"/>
						<line number="260" hits="0"/>
						<line number="261" hits="0"/>
						<line number="262" hits="0"/>
						<line number="263" hits="0"/>
						<line number="264" hits="0"/>
						<line number="265" hits="0"/>
						<line number="267" hits="0"/>
						<line number="270" hits="0"/>
						<line number="271" hits="0"/>
						<line number="279" hits="0"/>
						<line number="280" hits="0"/>
						<line number="288" hits="0"/>
						<line number="289" hits="0"/>
						<line number="295" hits="0"/>
						<line number="297" hits="0"/>
						<line number="303" hits="0"/>
						<line number="311" hits="0"/>
						<line number="312" hits="0"/>
						<line number="313" hits="0"/>
						<line number="314" hits="0"/>
						<line number="315" hits="0"/>
						<line number="316" hits="0"/>
						<line number="317" hits="0"/>
						<line number="318" hits="0"/>
						<line number="320" hits="0"/>
						<line number="323" hits="0"/>
						<line number="326" hits="0"/>
						<line number="338" hits="0"/>
						<line number="340" hits="0"/>
						<line number="342" hits="0"/>
						<line number="344" hits="0"/>
						<line number="345" hits="0"/>
						<line number="347" hits="0"/>
						<line number="348" hits="0"/>
						<line number="350" hits="0"/>
						<line number="351" hits="0"/>
						<line number="352" hits="0"/>
						<line number="354" hits="0"/>
						<line number="355" hits="0"/>
						<line number="356" hits="0"/>
						<line number="357" hits="0"/>
						<line number="358" hits="0"/>
						<line number="359" hits="0"/>
						<line number="361" hits="0"/>
						<line number="362" hits="0"/>
						<line number="363" hits="0"/>
						<line number="364" hits="0"/>
						<line number="366" hits="0"/>
					</lines>
				</class>
			</classes>
		</package>
		<package name="tools.validation" line-rate="0" branch-rate="0" complexity="0">
			<classes>
				<class name="__init__.py" filename="tools/validation/__init__.py" complexity="0" line-rate="1" branch-rate="0">
					<methods/>
					<lines/>
				</class>
				<class name="data_validator.py" filename="tools/validation/data_validator.py" complexity="0" line-rate="0" branch-rate="0">
					<methods/>
					<lines>
						<line number="8" hits="0"/>
						<line number="9" hits="0"/>
						<line number="10" hits="0"/>
						<line number="12" hits="0"/>
						<line number="14" hits="0"/>
						<line number="17" hits="0"/>
						<line number="20" hits="0"/>
						<line number="21" hits="0"/>
						<line number="28" hits="0"/>
						<line number="43" hits="0"/>
						<line number="45" hits="0"/>
						<line number="46" hits="0"/>
						<line number="52" hits="0"/>
						<line number="53" hits="0"/>
						<line number="54" hits="0"/>
						<line number="56" hits="0"/>
						<line number="57" hits="0"/>
						<line number="65" hits="0"/>
						<line number="66" hits="0"/>
						<line number="74" hits="0"/>
						<line number="76" hits="0"/>
						<line number="87" hits="0"/>
						<line number="90" hits="0"/>
						<line number="97" hits="0"/>
						<line number="98" hits="0"/>
						<line number="99" hits="0"/>
						<line number="101" hits="0"/>
						<line number="102" hits="0"/>
						<line number="110" hits="0"/>
						<line number="111" hits="0"/>
						<line number="119" hits="0"/>
						<line number="125" hits="0"/>
						<line number="126" hits="0"/>
						<line number="127" hits="0"/>
						<line number="129" hits="0"/>
						<line number="130" hits="0"/>
						<line number="138" hits="0"/>
						<line number="139" hits="0"/>
						<line number="141" hits="0"/>
						<line number="143" hits="0"/>
						<line number="154" hits="0"/>
						<line number="156" hits="0"/>
						<line number="157" hits="0"/>
						<line number="164" hits="0"/>
						<line number="165" hits="0"/>
						<line number="167" hits="0"/>
						<line number="168" hits="0"/>
						<line number="177" hits="0"/>
						<line number="178" hits="0"/>
						<line number="185" hits="0"/>
						<line number="187" hits="0"/>
						<line number="197" hits="0"/>
						<line number="199" hits="0"/>
						<line number="208" hits="0"/>
						<line number="209" hits="0"/>
						<line number="211" hits="0"/>
						<line number="212" hits="0"/>
						<line number="213" hits="0"/>
						<line number="223" hits="0"/>
						<line number="224" hits="0"/>
						<line number="231" hits="0"/>
						<line number="233" hits="0"/>
						<line number="235" hits="0"/>
						<line number="237" hits="0"/>
						<line number="247" hits="0"/>
						<line number="248" hits="0"/>
						<line number="250" hits="0"/>
						<line number="251" hits="0"/>
						<line number="252" hits="0"/>
						<line number="260" hits="0"/>
						<line number="261" hits="0"/>
						<line number="268" hits="0"/>
						<line number="270" hits="0"/>
						<line number="289" hits="0"/>
						<line number="291" hits="0"/>
						<line number="292" hits="0"/>
						<line number="294" hits="0"/>
						<line number="295" hits="0"/>
						<line number="297" hits="0"/>
						<line number="298" hits="0"/>
						<line number="300" hits="0"/>
						<line number="306" hits="0"/>
						<line number="308" hits="0"/>
						<line number="309" hits="0"/>
						<line number="311" hits="0"/>
						<line number="314" hits="0"/>
						<line number="315" hits="0"/>
						<line number="320" hits="0"/>
						<line number="323" hits="0"/>
						<line number="324" hits="0"/>
						<line number="329" hits="0"/>
						<line number="332" hits="0"/>
						<line number="333" hits="0"/>
						<line number="338" hits="0"/>
						<line number="341" hits="0"/>
						<line number="342" hits="0"/>
						<line number="345" hits="0"/>
						<line number="346" hits="0"/>
						<line number="348" hits="0"/>
						<line number="349" hits="0"/>
						<line number="350" hits="0"/>
						<line number="351" hits="0"/>
						<line number="354" hits="0"/>
						<line number="355" hits="0"/>
						<line number="356" hits="0"/>
						<line number="357" hits="0"/>
						<line number="359" hits="0"/>
						<line number="360" hits="0"/>
						<line number="362" hits="0"/>
					</lines>
				</class>
			</classes>
		</package>
	</packages>
</coverage>
